2026-03-20 19:34:09,999 Initializing dataset VLN-CE-v1
2026-03-20 19:34:10,364 SPLTI: train, NUMBER OF SCENES: 61
2026-03-20 19:34:21,812 LOCAL RANK: 0, ENV NUM: 6, DATASET LEN: 10819
2026-03-20 19:34:25,295 [OracleFT] baseline_plus_oracle_adapter keeps baseline trainable params and ignores unfreeze_global_encoder/unfreeze_input_proj gating.
2026-03-20 19:34:25,296 [OracleFT] train_scope=baseline_plus_oracle_adapter
2026-03-20 19:34:25,296 [OracleFT] trainable params configured: 380 tensors
2026-03-20 19:34:25,296 [OracleFT] trainable summary: rgb_projector=6, oracle_adapter=9, downstream_sample=6, dino_backbone=0
2026-03-20 19:34:25,296 [OracleFT][Trainable] net.vln_bert.embeddings.word_embeddings.weight
2026-03-20 19:34:25,296 [OracleFT][Trainable] net.vln_bert.embeddings.position_embeddings.weight
2026-03-20 19:34:25,296 [OracleFT][Trainable] net.vln_bert.embeddings.token_type_embeddings.weight
2026-03-20 19:34:25,296 [OracleFT][Trainable] net.vln_bert.embeddings.LayerNorm.weight
2026-03-20 19:34:25,296 [OracleFT][Trainable] net.vln_bert.embeddings.LayerNorm.bias
2026-03-20 19:34:25,296 [OracleFT][Trainable] net.vln_bert.lang_encoder.layer.0.attention.self.query.weight
2026-03-20 19:34:25,296 [OracleFT][Trainable] net.vln_bert.lang_encoder.layer.0.attention.self.query.bias
2026-03-20 19:34:25,296 [OracleFT][Trainable] net.vln_bert.lang_encoder.layer.0.attention.self.key.weight
2026-03-20 19:34:25,296 [OracleFT][Trainable] net.vln_bert.lang_encoder.layer.0.attention.self.key.bias
2026-03-20 19:34:25,296 [OracleFT][Trainable] net.vln_bert.lang_encoder.layer.0.attention.self.value.weight
2026-03-20 19:34:25,296 [OracleFT][Trainable] net.vln_bert.lang_encoder.layer.0.attention.self.value.bias
2026-03-20 19:34:25,296 [OracleFT][Trainable] net.vln_bert.lang_encoder.layer.0.attention.output.dense.weight
2026-03-20 19:34:25,296 [OracleFT][Trainable] net.vln_bert.lang_encoder.layer.0.attention.output.dense.bias
2026-03-20 19:34:25,296 [OracleFT][Trainable] net.vln_bert.lang_encoder.layer.0.attention.output.LayerNorm.weight
2026-03-20 19:34:25,296 [OracleFT][Trainable] net.vln_bert.lang_encoder.layer.0.attention.output.LayerNorm.bias
2026-03-20 19:34:25,296 [OracleFT][Trainable] net.vln_bert.lang_encoder.layer.0.intermediate.dense.weight
2026-03-20 19:34:25,296 [OracleFT][Trainable] net.vln_bert.lang_encoder.layer.0.intermediate.dense.bias
2026-03-20 19:34:25,296 [OracleFT][Trainable] net.vln_bert.lang_encoder.layer.0.output.dense.weight
2026-03-20 19:34:25,296 [OracleFT][Trainable] net.vln_bert.lang_encoder.layer.0.output.dense.bias
2026-03-20 19:34:25,296 [OracleFT][Trainable] net.vln_bert.lang_encoder.layer.0.output.LayerNorm.weight
2026-03-20 19:34:25,296 [OracleFT][Trainable] net.vln_bert.lang_encoder.layer.0.output.LayerNorm.bias
2026-03-20 19:34:25,296 [OracleFT][Trainable] net.vln_bert.lang_encoder.layer.1.attention.self.query.weight
2026-03-20 19:34:25,296 [OracleFT][Trainable] net.vln_bert.lang_encoder.layer.1.attention.self.query.bias
2026-03-20 19:34:25,296 [OracleFT][Trainable] net.vln_bert.lang_encoder.layer.1.attention.self.key.weight
2026-03-20 19:34:25,296 [OracleFT][Trainable] net.vln_bert.lang_encoder.layer.1.attention.self.key.bias
2026-03-20 19:34:25,296 [OracleFT][Trainable] net.vln_bert.lang_encoder.layer.1.attention.self.value.weight
2026-03-20 19:34:25,296 [OracleFT][Trainable] net.vln_bert.lang_encoder.layer.1.attention.self.value.bias
2026-03-20 19:34:25,296 [OracleFT][Trainable] net.vln_bert.lang_encoder.layer.1.attention.output.dense.weight
2026-03-20 19:34:25,296 [OracleFT][Trainable] net.vln_bert.lang_encoder.layer.1.attention.output.dense.bias
2026-03-20 19:34:25,296 [OracleFT][Trainable] net.vln_bert.lang_encoder.layer.1.attention.output.LayerNorm.weight
2026-03-20 19:34:25,296 [OracleFT][Trainable] net.vln_bert.lang_encoder.layer.1.attention.output.LayerNorm.bias
2026-03-20 19:34:25,296 [OracleFT][Trainable] net.vln_bert.lang_encoder.layer.1.intermediate.dense.weight
2026-03-20 19:34:25,296 [OracleFT][Trainable] net.vln_bert.lang_encoder.layer.1.intermediate.dense.bias
2026-03-20 19:34:25,296 [OracleFT][Trainable] net.vln_bert.lang_encoder.layer.1.output.dense.weight
2026-03-20 19:34:25,296 [OracleFT][Trainable] net.vln_bert.lang_encoder.layer.1.output.dense.bias
2026-03-20 19:34:25,296 [OracleFT][Trainable] net.vln_bert.lang_encoder.layer.1.output.LayerNorm.weight
2026-03-20 19:34:25,296 [OracleFT][Trainable] net.vln_bert.lang_encoder.layer.1.output.LayerNorm.bias
2026-03-20 19:34:25,297 [OracleFT][Trainable] net.vln_bert.lang_encoder.layer.2.attention.self.query.weight
2026-03-20 19:34:25,297 [OracleFT][Trainable] net.vln_bert.lang_encoder.layer.2.attention.self.query.bias
2026-03-20 19:34:25,297 [OracleFT][Trainable] net.vln_bert.lang_encoder.layer.2.attention.self.key.weight
2026-03-20 19:34:25,297 [OracleFT][Trainable] net.vln_bert.lang_encoder.layer.2.attention.self.key.bias
2026-03-20 19:34:25,297 [OracleFT][Trainable] net.vln_bert.lang_encoder.layer.2.attention.self.value.weight
2026-03-20 19:34:25,297 [OracleFT][Trainable] net.vln_bert.lang_encoder.layer.2.attention.self.value.bias
2026-03-20 19:34:25,297 [OracleFT][Trainable] net.vln_bert.lang_encoder.layer.2.attention.output.dense.weight
2026-03-20 19:34:25,297 [OracleFT][Trainable] net.vln_bert.lang_encoder.layer.2.attention.output.dense.bias
2026-03-20 19:34:25,297 [OracleFT][Trainable] net.vln_bert.lang_encoder.layer.2.attention.output.LayerNorm.weight
2026-03-20 19:34:25,297 [OracleFT][Trainable] net.vln_bert.lang_encoder.layer.2.attention.output.LayerNorm.bias
2026-03-20 19:34:25,297 [OracleFT][Trainable] net.vln_bert.lang_encoder.layer.2.intermediate.dense.weight
2026-03-20 19:34:25,297 [OracleFT][Trainable] net.vln_bert.lang_encoder.layer.2.intermediate.dense.bias
2026-03-20 19:34:25,297 [OracleFT][Trainable] net.vln_bert.lang_encoder.layer.2.output.dense.weight
2026-03-20 19:34:25,297 [OracleFT][Trainable] net.vln_bert.lang_encoder.layer.2.output.dense.bias
2026-03-20 19:34:25,297 [OracleFT][Trainable] net.vln_bert.lang_encoder.layer.2.output.LayerNorm.weight
2026-03-20 19:34:25,297 [OracleFT][Trainable] net.vln_bert.lang_encoder.layer.2.output.LayerNorm.bias
2026-03-20 19:34:25,297 [OracleFT][Trainable] net.vln_bert.lang_encoder.layer.3.attention.self.query.weight
2026-03-20 19:34:25,297 [OracleFT][Trainable] net.vln_bert.lang_encoder.layer.3.attention.self.query.bias
2026-03-20 19:34:25,297 [OracleFT][Trainable] net.vln_bert.lang_encoder.layer.3.attention.self.key.weight
2026-03-20 19:34:25,297 [OracleFT][Trainable] net.vln_bert.lang_encoder.layer.3.attention.self.key.bias
2026-03-20 19:34:25,297 [OracleFT][Trainable] net.vln_bert.lang_encoder.layer.3.attention.self.value.weight
2026-03-20 19:34:25,297 [OracleFT][Trainable] net.vln_bert.lang_encoder.layer.3.attention.self.value.bias
2026-03-20 19:34:25,297 [OracleFT][Trainable] net.vln_bert.lang_encoder.layer.3.attention.output.dense.weight
2026-03-20 19:34:25,297 [OracleFT][Trainable] net.vln_bert.lang_encoder.layer.3.attention.output.dense.bias
2026-03-20 19:34:25,297 [OracleFT][Trainable] net.vln_bert.lang_encoder.layer.3.attention.output.LayerNorm.weight
2026-03-20 19:34:25,297 [OracleFT][Trainable] net.vln_bert.lang_encoder.layer.3.attention.output.LayerNorm.bias
2026-03-20 19:34:25,297 [OracleFT][Trainable] net.vln_bert.lang_encoder.layer.3.intermediate.dense.weight
2026-03-20 19:34:25,297 [OracleFT][Trainable] net.vln_bert.lang_encoder.layer.3.intermediate.dense.bias
2026-03-20 19:34:25,297 [OracleFT][Trainable] net.vln_bert.lang_encoder.layer.3.output.dense.weight
2026-03-20 19:34:25,297 [OracleFT][Trainable] net.vln_bert.lang_encoder.layer.3.output.dense.bias
2026-03-20 19:34:25,297 [OracleFT][Trainable] net.vln_bert.lang_encoder.layer.3.output.LayerNorm.weight
2026-03-20 19:34:25,297 [OracleFT][Trainable] net.vln_bert.lang_encoder.layer.3.output.LayerNorm.bias
2026-03-20 19:34:25,297 [OracleFT][Trainable] net.vln_bert.lang_encoder.layer.4.attention.self.query.weight
2026-03-20 19:34:25,297 [OracleFT][Trainable] net.vln_bert.lang_encoder.layer.4.attention.self.query.bias
2026-03-20 19:34:25,297 [OracleFT][Trainable] net.vln_bert.lang_encoder.layer.4.attention.self.key.weight
2026-03-20 19:34:25,297 [OracleFT][Trainable] net.vln_bert.lang_encoder.layer.4.attention.self.key.bias
2026-03-20 19:34:25,297 [OracleFT][Trainable] net.vln_bert.lang_encoder.layer.4.attention.self.value.weight
2026-03-20 19:34:25,297 [OracleFT][Trainable] net.vln_bert.lang_encoder.layer.4.attention.self.value.bias
2026-03-20 19:34:25,297 [OracleFT][Trainable] net.vln_bert.lang_encoder.layer.4.attention.output.dense.weight
2026-03-20 19:34:25,297 [OracleFT][Trainable] net.vln_bert.lang_encoder.layer.4.attention.output.dense.bias
2026-03-20 19:34:25,297 [OracleFT][Trainable] net.vln_bert.lang_encoder.layer.4.attention.output.LayerNorm.weight
2026-03-20 19:34:25,297 [OracleFT][Trainable] net.vln_bert.lang_encoder.layer.4.attention.output.LayerNorm.bias
2026-03-20 19:34:25,297 [OracleFT][Trainable] net.vln_bert.lang_encoder.layer.4.intermediate.dense.weight
2026-03-20 19:34:25,297 [OracleFT][Trainable] net.vln_bert.lang_encoder.layer.4.intermediate.dense.bias
2026-03-20 19:34:25,297 [OracleFT][Trainable] net.vln_bert.lang_encoder.layer.4.output.dense.weight
2026-03-20 19:34:25,297 [OracleFT][Trainable] net.vln_bert.lang_encoder.layer.4.output.dense.bias
2026-03-20 19:34:25,297 [OracleFT][Trainable] net.vln_bert.lang_encoder.layer.4.output.LayerNorm.weight
2026-03-20 19:34:25,297 [OracleFT][Trainable] net.vln_bert.lang_encoder.layer.4.output.LayerNorm.bias
2026-03-20 19:34:25,297 [OracleFT][Trainable] net.vln_bert.lang_encoder.layer.5.attention.self.query.weight
2026-03-20 19:34:25,297 [OracleFT][Trainable] net.vln_bert.lang_encoder.layer.5.attention.self.query.bias
2026-03-20 19:34:25,297 [OracleFT][Trainable] net.vln_bert.lang_encoder.layer.5.attention.self.key.weight
2026-03-20 19:34:25,297 [OracleFT][Trainable] net.vln_bert.lang_encoder.layer.5.attention.self.key.bias
2026-03-20 19:34:25,297 [OracleFT][Trainable] net.vln_bert.lang_encoder.layer.5.attention.self.value.weight
2026-03-20 19:34:25,297 [OracleFT][Trainable] net.vln_bert.lang_encoder.layer.5.attention.self.value.bias
2026-03-20 19:34:25,297 [OracleFT][Trainable] net.vln_bert.lang_encoder.layer.5.attention.output.dense.weight
2026-03-20 19:34:25,297 [OracleFT][Trainable] net.vln_bert.lang_encoder.layer.5.attention.output.dense.bias
2026-03-20 19:34:25,297 [OracleFT][Trainable] net.vln_bert.lang_encoder.layer.5.attention.output.LayerNorm.weight
2026-03-20 19:34:25,297 [OracleFT][Trainable] net.vln_bert.lang_encoder.layer.5.attention.output.LayerNorm.bias
2026-03-20 19:34:25,297 [OracleFT][Trainable] net.vln_bert.lang_encoder.layer.5.intermediate.dense.weight
2026-03-20 19:34:25,297 [OracleFT][Trainable] net.vln_bert.lang_encoder.layer.5.intermediate.dense.bias
2026-03-20 19:34:25,297 [OracleFT][Trainable] net.vln_bert.lang_encoder.layer.5.output.dense.weight
2026-03-20 19:34:25,297 [OracleFT][Trainable] net.vln_bert.lang_encoder.layer.5.output.dense.bias
2026-03-20 19:34:25,297 [OracleFT][Trainable] net.vln_bert.lang_encoder.layer.5.output.LayerNorm.weight
2026-03-20 19:34:25,297 [OracleFT][Trainable] net.vln_bert.lang_encoder.layer.5.output.LayerNorm.bias
2026-03-20 19:34:25,297 [OracleFT][Trainable] net.vln_bert.lang_encoder.layer.6.attention.self.query.weight
2026-03-20 19:34:25,297 [OracleFT][Trainable] net.vln_bert.lang_encoder.layer.6.attention.self.query.bias
2026-03-20 19:34:25,297 [OracleFT][Trainable] net.vln_bert.lang_encoder.layer.6.attention.self.key.weight
2026-03-20 19:34:25,297 [OracleFT][Trainable] net.vln_bert.lang_encoder.layer.6.attention.self.key.bias
2026-03-20 19:34:25,297 [OracleFT][Trainable] net.vln_bert.lang_encoder.layer.6.attention.self.value.weight
2026-03-20 19:34:25,297 [OracleFT][Trainable] net.vln_bert.lang_encoder.layer.6.attention.self.value.bias
2026-03-20 19:34:25,297 [OracleFT][Trainable] net.vln_bert.lang_encoder.layer.6.attention.output.dense.weight
2026-03-20 19:34:25,297 [OracleFT][Trainable] net.vln_bert.lang_encoder.layer.6.attention.output.dense.bias
2026-03-20 19:34:25,297 [OracleFT][Trainable] net.vln_bert.lang_encoder.layer.6.attention.output.LayerNorm.weight
2026-03-20 19:34:25,297 [OracleFT][Trainable] net.vln_bert.lang_encoder.layer.6.attention.output.LayerNorm.bias
2026-03-20 19:34:25,297 [OracleFT][Trainable] net.vln_bert.lang_encoder.layer.6.intermediate.dense.weight
2026-03-20 19:34:25,297 [OracleFT][Trainable] net.vln_bert.lang_encoder.layer.6.intermediate.dense.bias
2026-03-20 19:34:25,297 [OracleFT][Trainable] net.vln_bert.lang_encoder.layer.6.output.dense.weight
2026-03-20 19:34:25,297 [OracleFT][Trainable] net.vln_bert.lang_encoder.layer.6.output.dense.bias
2026-03-20 19:34:25,297 [OracleFT][Trainable] net.vln_bert.lang_encoder.layer.6.output.LayerNorm.weight
2026-03-20 19:34:25,297 [OracleFT][Trainable] net.vln_bert.lang_encoder.layer.6.output.LayerNorm.bias
2026-03-20 19:34:25,297 [OracleFT][Trainable] net.vln_bert.lang_encoder.layer.7.attention.self.query.weight
2026-03-20 19:34:25,297 [OracleFT][Trainable] net.vln_bert.lang_encoder.layer.7.attention.self.query.bias
2026-03-20 19:34:25,297 [OracleFT][Trainable] net.vln_bert.lang_encoder.layer.7.attention.self.key.weight
2026-03-20 19:34:25,297 [OracleFT][Trainable] net.vln_bert.lang_encoder.layer.7.attention.self.key.bias
2026-03-20 19:34:25,297 [OracleFT][Trainable] net.vln_bert.lang_encoder.layer.7.attention.self.value.weight
2026-03-20 19:34:25,297 [OracleFT][Trainable] net.vln_bert.lang_encoder.layer.7.attention.self.value.bias
2026-03-20 19:34:25,297 [OracleFT][Trainable] net.vln_bert.lang_encoder.layer.7.attention.output.dense.weight
2026-03-20 19:34:25,297 [OracleFT][Trainable] net.vln_bert.lang_encoder.layer.7.attention.output.dense.bias
2026-03-20 19:34:25,297 [OracleFT][Trainable] net.vln_bert.lang_encoder.layer.7.attention.output.LayerNorm.weight
2026-03-20 19:34:25,297 [OracleFT][Trainable] net.vln_bert.lang_encoder.layer.7.attention.output.LayerNorm.bias
2026-03-20 19:34:25,297 [OracleFT][Trainable] net.vln_bert.lang_encoder.layer.7.intermediate.dense.weight
2026-03-20 19:34:25,297 [OracleFT][Trainable] net.vln_bert.lang_encoder.layer.7.intermediate.dense.bias
2026-03-20 19:34:25,297 [OracleFT][Trainable] net.vln_bert.lang_encoder.layer.7.output.dense.weight
2026-03-20 19:34:25,297 [OracleFT][Trainable] net.vln_bert.lang_encoder.layer.7.output.dense.bias
2026-03-20 19:34:25,297 [OracleFT][Trainable] net.vln_bert.lang_encoder.layer.7.output.LayerNorm.weight
2026-03-20 19:34:25,297 [OracleFT][Trainable] net.vln_bert.lang_encoder.layer.7.output.LayerNorm.bias
2026-03-20 19:34:25,297 [OracleFT][Trainable] net.vln_bert.lang_encoder.layer.8.attention.self.query.weight
2026-03-20 19:34:25,297 [OracleFT][Trainable] net.vln_bert.lang_encoder.layer.8.attention.self.query.bias
2026-03-20 19:34:25,297 [OracleFT][Trainable] net.vln_bert.lang_encoder.layer.8.attention.self.key.weight
2026-03-20 19:34:25,297 [OracleFT][Trainable] net.vln_bert.lang_encoder.layer.8.attention.self.key.bias
2026-03-20 19:34:25,297 [OracleFT][Trainable] net.vln_bert.lang_encoder.layer.8.attention.self.value.weight
2026-03-20 19:34:25,297 [OracleFT][Trainable] net.vln_bert.lang_encoder.layer.8.attention.self.value.bias
2026-03-20 19:34:25,297 [OracleFT][Trainable] net.vln_bert.lang_encoder.layer.8.attention.output.dense.weight
2026-03-20 19:34:25,298 [OracleFT][Trainable] net.vln_bert.lang_encoder.layer.8.attention.output.dense.bias
2026-03-20 19:34:25,298 [OracleFT][Trainable] net.vln_bert.lang_encoder.layer.8.attention.output.LayerNorm.weight
2026-03-20 19:34:25,298 [OracleFT][Trainable] net.vln_bert.lang_encoder.layer.8.attention.output.LayerNorm.bias
2026-03-20 19:34:25,298 [OracleFT][Trainable] net.vln_bert.lang_encoder.layer.8.intermediate.dense.weight
2026-03-20 19:34:25,298 [OracleFT][Trainable] net.vln_bert.lang_encoder.layer.8.intermediate.dense.bias
2026-03-20 19:34:25,298 [OracleFT][Trainable] net.vln_bert.lang_encoder.layer.8.output.dense.weight
2026-03-20 19:34:25,298 [OracleFT][Trainable] net.vln_bert.lang_encoder.layer.8.output.dense.bias
2026-03-20 19:34:25,298 [OracleFT][Trainable] net.vln_bert.lang_encoder.layer.8.output.LayerNorm.weight
2026-03-20 19:34:25,298 [OracleFT][Trainable] net.vln_bert.lang_encoder.layer.8.output.LayerNorm.bias
2026-03-20 19:34:25,298 [OracleFT][Trainable] net.vln_bert.img_embeddings.img_linear.weight
2026-03-20 19:34:25,298 [OracleFT][Trainable] net.vln_bert.img_embeddings.img_linear.bias
2026-03-20 19:34:25,298 [OracleFT][Trainable] net.vln_bert.img_embeddings.img_layer_norm.weight
2026-03-20 19:34:25,298 [OracleFT][Trainable] net.vln_bert.img_embeddings.img_layer_norm.bias
2026-03-20 19:34:25,298 [OracleFT][Trainable] net.vln_bert.img_embeddings.loc_linear.weight
2026-03-20 19:34:25,298 [OracleFT][Trainable] net.vln_bert.img_embeddings.loc_linear.bias
2026-03-20 19:34:25,298 [OracleFT][Trainable] net.vln_bert.img_embeddings.loc_layer_norm.weight
2026-03-20 19:34:25,298 [OracleFT][Trainable] net.vln_bert.img_embeddings.loc_layer_norm.bias
2026-03-20 19:34:25,298 [OracleFT][Trainable] net.vln_bert.img_embeddings.dep_linear.weight
2026-03-20 19:34:25,298 [OracleFT][Trainable] net.vln_bert.img_embeddings.dep_linear.bias
2026-03-20 19:34:25,298 [OracleFT][Trainable] net.vln_bert.img_embeddings.dep_layer_norm.weight
2026-03-20 19:34:25,298 [OracleFT][Trainable] net.vln_bert.img_embeddings.dep_layer_norm.bias
2026-03-20 19:34:25,298 [OracleFT][Trainable] net.vln_bert.img_embeddings.nav_type_embedding.weight
2026-03-20 19:34:25,298 [OracleFT][Trainable] net.vln_bert.img_embeddings.layer_norm.weight
2026-03-20 19:34:25,298 [OracleFT][Trainable] net.vln_bert.img_embeddings.layer_norm.bias
2026-03-20 19:34:25,298 [OracleFT][Trainable] net.vln_bert.img_embeddings.pano_encoder.layers.0.self_attn.in_proj_weight
2026-03-20 19:34:25,298 [OracleFT][Trainable] net.vln_bert.img_embeddings.pano_encoder.layers.0.self_attn.in_proj_bias
2026-03-20 19:34:25,298 [OracleFT][Trainable] net.vln_bert.img_embeddings.pano_encoder.layers.0.self_attn.out_proj.weight
2026-03-20 19:34:25,298 [OracleFT][Trainable] net.vln_bert.img_embeddings.pano_encoder.layers.0.self_attn.out_proj.bias
2026-03-20 19:34:25,298 [OracleFT][Trainable] net.vln_bert.img_embeddings.pano_encoder.layers.0.linear1.weight
2026-03-20 19:34:25,298 [OracleFT][Trainable] net.vln_bert.img_embeddings.pano_encoder.layers.0.linear1.bias
2026-03-20 19:34:25,298 [OracleFT][Trainable] net.vln_bert.img_embeddings.pano_encoder.layers.0.linear2.weight
2026-03-20 19:34:25,298 [OracleFT][Trainable] net.vln_bert.img_embeddings.pano_encoder.layers.0.linear2.bias
2026-03-20 19:34:25,298 [OracleFT][Trainable] net.vln_bert.img_embeddings.pano_encoder.layers.0.norm1.weight
2026-03-20 19:34:25,298 [OracleFT][Trainable] net.vln_bert.img_embeddings.pano_encoder.layers.0.norm1.bias
2026-03-20 19:34:25,298 [OracleFT][Trainable] net.vln_bert.img_embeddings.pano_encoder.layers.0.norm2.weight
2026-03-20 19:34:25,298 [OracleFT][Trainable] net.vln_bert.img_embeddings.pano_encoder.layers.0.norm2.bias
2026-03-20 19:34:25,298 [OracleFT][Trainable] net.vln_bert.img_embeddings.pano_encoder.layers.1.self_attn.in_proj_weight
2026-03-20 19:34:25,298 [OracleFT][Trainable] net.vln_bert.img_embeddings.pano_encoder.layers.1.self_attn.in_proj_bias
2026-03-20 19:34:25,298 [OracleFT][Trainable] net.vln_bert.img_embeddings.pano_encoder.layers.1.self_attn.out_proj.weight
2026-03-20 19:34:25,298 [OracleFT][Trainable] net.vln_bert.img_embeddings.pano_encoder.layers.1.self_attn.out_proj.bias
2026-03-20 19:34:25,298 [OracleFT][Trainable] net.vln_bert.img_embeddings.pano_encoder.layers.1.linear1.weight
2026-03-20 19:34:25,298 [OracleFT][Trainable] net.vln_bert.img_embeddings.pano_encoder.layers.1.linear1.bias
2026-03-20 19:34:25,298 [OracleFT][Trainable] net.vln_bert.img_embeddings.pano_encoder.layers.1.linear2.weight
2026-03-20 19:34:25,298 [OracleFT][Trainable] net.vln_bert.img_embeddings.pano_encoder.layers.1.linear2.bias
2026-03-20 19:34:25,298 [OracleFT][Trainable] net.vln_bert.img_embeddings.pano_encoder.layers.1.norm1.weight
2026-03-20 19:34:25,298 [OracleFT][Trainable] net.vln_bert.img_embeddings.pano_encoder.layers.1.norm1.bias
2026-03-20 19:34:25,298 [OracleFT][Trainable] net.vln_bert.img_embeddings.pano_encoder.layers.1.norm2.weight
2026-03-20 19:34:25,298 [OracleFT][Trainable] net.vln_bert.img_embeddings.pano_encoder.layers.1.norm2.bias
2026-03-20 19:34:25,298 [OracleFT][Trainable] net.vln_bert.img_embeddings.pano_encoder.norm.weight
2026-03-20 19:34:25,298 [OracleFT][Trainable] net.vln_bert.img_embeddings.pano_encoder.norm.bias
2026-03-20 19:34:25,298 [OracleFT][Trainable] net.vln_bert.global_encoder.gmap_pos_embeddings.0.weight
2026-03-20 19:34:25,298 [OracleFT][Trainable] net.vln_bert.global_encoder.gmap_pos_embeddings.0.bias
2026-03-20 19:34:25,298 [OracleFT][Trainable] net.vln_bert.global_encoder.gmap_pos_embeddings.1.weight
2026-03-20 19:34:25,298 [OracleFT][Trainable] net.vln_bert.global_encoder.gmap_pos_embeddings.1.bias
2026-03-20 19:34:25,298 [OracleFT][Trainable] net.vln_bert.global_encoder.gmap_step_embeddings.weight
2026-03-20 19:34:25,298 [OracleFT][Trainable] net.vln_bert.global_encoder.encoder.x_layers.0.w2
2026-03-20 19:34:25,298 [OracleFT][Trainable] net.vln_bert.global_encoder.encoder.x_layers.0.w3
2026-03-20 19:34:25,298 [OracleFT][Trainable] net.vln_bert.global_encoder.encoder.x_layers.0.visn_self_att.self.query.weight
2026-03-20 19:34:25,298 [OracleFT][Trainable] net.vln_bert.global_encoder.encoder.x_layers.0.visn_self_att.self.query.bias
2026-03-20 19:34:25,298 [OracleFT][Trainable] net.vln_bert.global_encoder.encoder.x_layers.0.visn_self_att.self.key.weight
2026-03-20 19:34:25,298 [OracleFT][Trainable] net.vln_bert.global_encoder.encoder.x_layers.0.visn_self_att.self.key.bias
2026-03-20 19:34:25,298 [OracleFT][Trainable] net.vln_bert.global_encoder.encoder.x_layers.0.visn_self_att.self.value.weight
2026-03-20 19:34:25,298 [OracleFT][Trainable] net.vln_bert.global_encoder.encoder.x_layers.0.visn_self_att.self.value.bias
2026-03-20 19:34:25,298 [OracleFT][Trainable] net.vln_bert.global_encoder.encoder.x_layers.0.visn_self_att.output.dense.weight
2026-03-20 19:34:25,298 [OracleFT][Trainable] net.vln_bert.global_encoder.encoder.x_layers.0.visn_self_att.output.dense.bias
2026-03-20 19:34:25,298 [OracleFT][Trainable] net.vln_bert.global_encoder.encoder.x_layers.0.visn_self_att.output.LayerNorm.weight
2026-03-20 19:34:25,298 [OracleFT][Trainable] net.vln_bert.global_encoder.encoder.x_layers.0.visn_self_att.output.LayerNorm.bias
2026-03-20 19:34:25,298 [OracleFT][Trainable] net.vln_bert.global_encoder.encoder.x_layers.0.visn_inter.dense.weight
2026-03-20 19:34:25,298 [OracleFT][Trainable] net.vln_bert.global_encoder.encoder.x_layers.0.visn_inter.dense.bias
2026-03-20 19:34:25,298 [OracleFT][Trainable] net.vln_bert.global_encoder.encoder.x_layers.0.visn_output.dense.weight
2026-03-20 19:34:25,298 [OracleFT][Trainable] net.vln_bert.global_encoder.encoder.x_layers.0.visn_output.dense.bias
2026-03-20 19:34:25,298 [OracleFT][Trainable] net.vln_bert.global_encoder.encoder.x_layers.0.visn_output.LayerNorm.weight
2026-03-20 19:34:25,298 [OracleFT][Trainable] net.vln_bert.global_encoder.encoder.x_layers.0.visn_output.LayerNorm.bias
2026-03-20 19:34:25,298 [OracleFT][Trainable] net.vln_bert.global_encoder.encoder.x_layers.0.visual_attention.att.query.weight
2026-03-20 19:34:25,298 [OracleFT][Trainable] net.vln_bert.global_encoder.encoder.x_layers.0.visual_attention.att.query.bias
2026-03-20 19:34:25,298 [OracleFT][Trainable] net.vln_bert.global_encoder.encoder.x_layers.0.visual_attention.att.key.weight
2026-03-20 19:34:25,298 [OracleFT][Trainable] net.vln_bert.global_encoder.encoder.x_layers.0.visual_attention.att.key.bias
2026-03-20 19:34:25,298 [OracleFT][Trainable] net.vln_bert.global_encoder.encoder.x_layers.0.visual_attention.att.value.weight
2026-03-20 19:34:25,298 [OracleFT][Trainable] net.vln_bert.global_encoder.encoder.x_layers.0.visual_attention.att.value.bias
2026-03-20 19:34:25,298 [OracleFT][Trainable] net.vln_bert.global_encoder.encoder.x_layers.0.visual_attention.output.dense.weight
2026-03-20 19:34:25,298 [OracleFT][Trainable] net.vln_bert.global_encoder.encoder.x_layers.0.visual_attention.output.dense.bias
2026-03-20 19:34:25,298 [OracleFT][Trainable] net.vln_bert.global_encoder.encoder.x_layers.0.visual_attention.output.LayerNorm.weight
2026-03-20 19:34:25,298 [OracleFT][Trainable] net.vln_bert.global_encoder.encoder.x_layers.0.visual_attention.output.LayerNorm.bias
2026-03-20 19:34:25,298 [OracleFT][Trainable] net.vln_bert.global_encoder.encoder.x_layers.0.semantic_sim_mlp.0.weight
2026-03-20 19:34:25,298 [OracleFT][Trainable] net.vln_bert.global_encoder.encoder.x_layers.0.semantic_sim_mlp.0.bias
2026-03-20 19:34:25,298 [OracleFT][Trainable] net.vln_bert.global_encoder.encoder.x_layers.0.semantic_sim_mlp.2.weight
2026-03-20 19:34:25,298 [OracleFT][Trainable] net.vln_bert.global_encoder.encoder.x_layers.0.semantic_sim_mlp.2.bias
2026-03-20 19:34:25,298 [OracleFT][Trainable] net.vln_bert.global_encoder.encoder.x_layers.0.semantic_sim_mlp.4.weight
2026-03-20 19:34:25,298 [OracleFT][Trainable] net.vln_bert.global_encoder.encoder.x_layers.0.semantic_sim_mlp.4.bias
2026-03-20 19:34:25,298 [OracleFT][Trainable] net.vln_bert.global_encoder.encoder.x_layers.0.instruction_rel_mlp.0.weight
2026-03-20 19:34:25,298 [OracleFT][Trainable] net.vln_bert.global_encoder.encoder.x_layers.0.instruction_rel_mlp.0.bias
2026-03-20 19:34:25,298 [OracleFT][Trainable] net.vln_bert.global_encoder.encoder.x_layers.0.instruction_rel_mlp.2.weight
2026-03-20 19:34:25,298 [OracleFT][Trainable] net.vln_bert.global_encoder.encoder.x_layers.0.instruction_rel_mlp.2.bias
2026-03-20 19:34:25,298 [OracleFT][Trainable] net.vln_bert.global_encoder.encoder.x_layers.0.instruction_rel_mlp.4.weight
2026-03-20 19:34:25,298 [OracleFT][Trainable] net.vln_bert.global_encoder.encoder.x_layers.0.instruction_rel_mlp.4.bias
2026-03-20 19:34:25,298 [OracleFT][Trainable] net.vln_bert.global_encoder.encoder.x_layers.1.w2
2026-03-20 19:34:25,298 [OracleFT][Trainable] net.vln_bert.global_encoder.encoder.x_layers.1.w3
2026-03-20 19:34:25,298 [OracleFT][Trainable] net.vln_bert.global_encoder.encoder.x_layers.1.visn_self_att.self.query.weight
2026-03-20 19:34:25,298 [OracleFT][Trainable] net.vln_bert.global_encoder.encoder.x_layers.1.visn_self_att.self.query.bias
2026-03-20 19:34:25,298 [OracleFT][Trainable] net.vln_bert.global_encoder.encoder.x_layers.1.visn_self_att.self.key.weight
2026-03-20 19:34:25,298 [OracleFT][Trainable] net.vln_bert.global_encoder.encoder.x_layers.1.visn_self_att.self.key.bias
2026-03-20 19:34:25,298 [OracleFT][Trainable] net.vln_bert.global_encoder.encoder.x_layers.1.visn_self_att.self.value.weight
2026-03-20 19:34:25,298 [OracleFT][Trainable] net.vln_bert.global_encoder.encoder.x_layers.1.visn_self_att.self.value.bias
2026-03-20 19:34:25,299 [OracleFT][Trainable] net.vln_bert.global_encoder.encoder.x_layers.1.visn_self_att.output.dense.weight
2026-03-20 19:34:25,299 [OracleFT][Trainable] net.vln_bert.global_encoder.encoder.x_layers.1.visn_self_att.output.dense.bias
2026-03-20 19:34:25,299 [OracleFT][Trainable] net.vln_bert.global_encoder.encoder.x_layers.1.visn_self_att.output.LayerNorm.weight
2026-03-20 19:34:25,299 [OracleFT][Trainable] net.vln_bert.global_encoder.encoder.x_layers.1.visn_self_att.output.LayerNorm.bias
2026-03-20 19:34:25,299 [OracleFT][Trainable] net.vln_bert.global_encoder.encoder.x_layers.1.visn_inter.dense.weight
2026-03-20 19:34:25,299 [OracleFT][Trainable] net.vln_bert.global_encoder.encoder.x_layers.1.visn_inter.dense.bias
2026-03-20 19:34:25,299 [OracleFT][Trainable] net.vln_bert.global_encoder.encoder.x_layers.1.visn_output.dense.weight
2026-03-20 19:34:25,299 [OracleFT][Trainable] net.vln_bert.global_encoder.encoder.x_layers.1.visn_output.dense.bias
2026-03-20 19:34:25,299 [OracleFT][Trainable] net.vln_bert.global_encoder.encoder.x_layers.1.visn_output.LayerNorm.weight
2026-03-20 19:34:25,299 [OracleFT][Trainable] net.vln_bert.global_encoder.encoder.x_layers.1.visn_output.LayerNorm.bias
2026-03-20 19:34:25,299 [OracleFT][Trainable] net.vln_bert.global_encoder.encoder.x_layers.1.visual_attention.att.query.weight
2026-03-20 19:34:25,299 [OracleFT][Trainable] net.vln_bert.global_encoder.encoder.x_layers.1.visual_attention.att.query.bias
2026-03-20 19:34:25,299 [OracleFT][Trainable] net.vln_bert.global_encoder.encoder.x_layers.1.visual_attention.att.key.weight
2026-03-20 19:34:25,299 [OracleFT][Trainable] net.vln_bert.global_encoder.encoder.x_layers.1.visual_attention.att.key.bias
2026-03-20 19:34:25,299 [OracleFT][Trainable] net.vln_bert.global_encoder.encoder.x_layers.1.visual_attention.att.value.weight
2026-03-20 19:34:25,299 [OracleFT][Trainable] net.vln_bert.global_encoder.encoder.x_layers.1.visual_attention.att.value.bias
2026-03-20 19:34:25,299 [OracleFT][Trainable] net.vln_bert.global_encoder.encoder.x_layers.1.visual_attention.output.dense.weight
2026-03-20 19:34:25,299 [OracleFT][Trainable] net.vln_bert.global_encoder.encoder.x_layers.1.visual_attention.output.dense.bias
2026-03-20 19:34:25,299 [OracleFT][Trainable] net.vln_bert.global_encoder.encoder.x_layers.1.visual_attention.output.LayerNorm.weight
2026-03-20 19:34:25,299 [OracleFT][Trainable] net.vln_bert.global_encoder.encoder.x_layers.1.visual_attention.output.LayerNorm.bias
2026-03-20 19:34:25,299 [OracleFT][Trainable] net.vln_bert.global_encoder.encoder.x_layers.1.semantic_sim_mlp.0.weight
2026-03-20 19:34:25,299 [OracleFT][Trainable] net.vln_bert.global_encoder.encoder.x_layers.1.semantic_sim_mlp.0.bias
2026-03-20 19:34:25,299 [OracleFT][Trainable] net.vln_bert.global_encoder.encoder.x_layers.1.semantic_sim_mlp.2.weight
2026-03-20 19:34:25,299 [OracleFT][Trainable] net.vln_bert.global_encoder.encoder.x_layers.1.semantic_sim_mlp.2.bias
2026-03-20 19:34:25,299 [OracleFT][Trainable] net.vln_bert.global_encoder.encoder.x_layers.1.semantic_sim_mlp.4.weight
2026-03-20 19:34:25,299 [OracleFT][Trainable] net.vln_bert.global_encoder.encoder.x_layers.1.semantic_sim_mlp.4.bias
2026-03-20 19:34:25,299 [OracleFT][Trainable] net.vln_bert.global_encoder.encoder.x_layers.1.instruction_rel_mlp.0.weight
2026-03-20 19:34:25,299 [OracleFT][Trainable] net.vln_bert.global_encoder.encoder.x_layers.1.instruction_rel_mlp.0.bias
2026-03-20 19:34:25,299 [OracleFT][Trainable] net.vln_bert.global_encoder.encoder.x_layers.1.instruction_rel_mlp.2.weight
2026-03-20 19:34:25,299 [OracleFT][Trainable] net.vln_bert.global_encoder.encoder.x_layers.1.instruction_rel_mlp.2.bias
2026-03-20 19:34:25,299 [OracleFT][Trainable] net.vln_bert.global_encoder.encoder.x_layers.1.instruction_rel_mlp.4.weight
2026-03-20 19:34:25,299 [OracleFT][Trainable] net.vln_bert.global_encoder.encoder.x_layers.1.instruction_rel_mlp.4.bias
2026-03-20 19:34:25,299 [OracleFT][Trainable] net.vln_bert.global_encoder.encoder.x_layers.2.w2
2026-03-20 19:34:25,299 [OracleFT][Trainable] net.vln_bert.global_encoder.encoder.x_layers.2.w3
2026-03-20 19:34:25,299 [OracleFT][Trainable] net.vln_bert.global_encoder.encoder.x_layers.2.visn_self_att.self.query.weight
2026-03-20 19:34:25,299 [OracleFT][Trainable] net.vln_bert.global_encoder.encoder.x_layers.2.visn_self_att.self.query.bias
2026-03-20 19:34:25,299 [OracleFT][Trainable] net.vln_bert.global_encoder.encoder.x_layers.2.visn_self_att.self.key.weight
2026-03-20 19:34:25,299 [OracleFT][Trainable] net.vln_bert.global_encoder.encoder.x_layers.2.visn_self_att.self.key.bias
2026-03-20 19:34:25,299 [OracleFT][Trainable] net.vln_bert.global_encoder.encoder.x_layers.2.visn_self_att.self.value.weight
2026-03-20 19:34:25,299 [OracleFT][Trainable] net.vln_bert.global_encoder.encoder.x_layers.2.visn_self_att.self.value.bias
2026-03-20 19:34:25,299 [OracleFT][Trainable] net.vln_bert.global_encoder.encoder.x_layers.2.visn_self_att.output.dense.weight
2026-03-20 19:34:25,299 [OracleFT][Trainable] net.vln_bert.global_encoder.encoder.x_layers.2.visn_self_att.output.dense.bias
2026-03-20 19:34:25,299 [OracleFT][Trainable] net.vln_bert.global_encoder.encoder.x_layers.2.visn_self_att.output.LayerNorm.weight
2026-03-20 19:34:25,299 [OracleFT][Trainable] net.vln_bert.global_encoder.encoder.x_layers.2.visn_self_att.output.LayerNorm.bias
2026-03-20 19:34:25,299 [OracleFT][Trainable] net.vln_bert.global_encoder.encoder.x_layers.2.visn_inter.dense.weight
2026-03-20 19:34:25,299 [OracleFT][Trainable] net.vln_bert.global_encoder.encoder.x_layers.2.visn_inter.dense.bias
2026-03-20 19:34:25,299 [OracleFT][Trainable] net.vln_bert.global_encoder.encoder.x_layers.2.visn_output.dense.weight
2026-03-20 19:34:25,299 [OracleFT][Trainable] net.vln_bert.global_encoder.encoder.x_layers.2.visn_output.dense.bias
2026-03-20 19:34:25,299 [OracleFT][Trainable] net.vln_bert.global_encoder.encoder.x_layers.2.visn_output.LayerNorm.weight
2026-03-20 19:34:25,299 [OracleFT][Trainable] net.vln_bert.global_encoder.encoder.x_layers.2.visn_output.LayerNorm.bias
2026-03-20 19:34:25,299 [OracleFT][Trainable] net.vln_bert.global_encoder.encoder.x_layers.2.visual_attention.att.query.weight
2026-03-20 19:34:25,299 [OracleFT][Trainable] net.vln_bert.global_encoder.encoder.x_layers.2.visual_attention.att.query.bias
2026-03-20 19:34:25,299 [OracleFT][Trainable] net.vln_bert.global_encoder.encoder.x_layers.2.visual_attention.att.key.weight
2026-03-20 19:34:25,299 [OracleFT][Trainable] net.vln_bert.global_encoder.encoder.x_layers.2.visual_attention.att.key.bias
2026-03-20 19:34:25,299 [OracleFT][Trainable] net.vln_bert.global_encoder.encoder.x_layers.2.visual_attention.att.value.weight
2026-03-20 19:34:25,299 [OracleFT][Trainable] net.vln_bert.global_encoder.encoder.x_layers.2.visual_attention.att.value.bias
2026-03-20 19:34:25,299 [OracleFT][Trainable] net.vln_bert.global_encoder.encoder.x_layers.2.visual_attention.output.dense.weight
2026-03-20 19:34:25,299 [OracleFT][Trainable] net.vln_bert.global_encoder.encoder.x_layers.2.visual_attention.output.dense.bias
2026-03-20 19:34:25,299 [OracleFT][Trainable] net.vln_bert.global_encoder.encoder.x_layers.2.visual_attention.output.LayerNorm.weight
2026-03-20 19:34:25,299 [OracleFT][Trainable] net.vln_bert.global_encoder.encoder.x_layers.2.visual_attention.output.LayerNorm.bias
2026-03-20 19:34:25,299 [OracleFT][Trainable] net.vln_bert.global_encoder.encoder.x_layers.2.semantic_sim_mlp.0.weight
2026-03-20 19:34:25,299 [OracleFT][Trainable] net.vln_bert.global_encoder.encoder.x_layers.2.semantic_sim_mlp.0.bias
2026-03-20 19:34:25,299 [OracleFT][Trainable] net.vln_bert.global_encoder.encoder.x_layers.2.semantic_sim_mlp.2.weight
2026-03-20 19:34:25,299 [OracleFT][Trainable] net.vln_bert.global_encoder.encoder.x_layers.2.semantic_sim_mlp.2.bias
2026-03-20 19:34:25,299 [OracleFT][Trainable] net.vln_bert.global_encoder.encoder.x_layers.2.semantic_sim_mlp.4.weight
2026-03-20 19:34:25,299 [OracleFT][Trainable] net.vln_bert.global_encoder.encoder.x_layers.2.semantic_sim_mlp.4.bias
2026-03-20 19:34:25,299 [OracleFT][Trainable] net.vln_bert.global_encoder.encoder.x_layers.2.instruction_rel_mlp.0.weight
2026-03-20 19:34:25,299 [OracleFT][Trainable] net.vln_bert.global_encoder.encoder.x_layers.2.instruction_rel_mlp.0.bias
2026-03-20 19:34:25,299 [OracleFT][Trainable] net.vln_bert.global_encoder.encoder.x_layers.2.instruction_rel_mlp.2.weight
2026-03-20 19:34:25,299 [OracleFT][Trainable] net.vln_bert.global_encoder.encoder.x_layers.2.instruction_rel_mlp.2.bias
2026-03-20 19:34:25,299 [OracleFT][Trainable] net.vln_bert.global_encoder.encoder.x_layers.2.instruction_rel_mlp.4.weight
2026-03-20 19:34:25,299 [OracleFT][Trainable] net.vln_bert.global_encoder.encoder.x_layers.2.instruction_rel_mlp.4.bias
2026-03-20 19:34:25,299 [OracleFT][Trainable] net.vln_bert.global_encoder.encoder.x_layers.3.w2
2026-03-20 19:34:25,299 [OracleFT][Trainable] net.vln_bert.global_encoder.encoder.x_layers.3.w3
2026-03-20 19:34:25,299 [OracleFT][Trainable] net.vln_bert.global_encoder.encoder.x_layers.3.visn_self_att.self.query.weight
2026-03-20 19:34:25,299 [OracleFT][Trainable] net.vln_bert.global_encoder.encoder.x_layers.3.visn_self_att.self.query.bias
2026-03-20 19:34:25,299 [OracleFT][Trainable] net.vln_bert.global_encoder.encoder.x_layers.3.visn_self_att.self.key.weight
2026-03-20 19:34:25,299 [OracleFT][Trainable] net.vln_bert.global_encoder.encoder.x_layers.3.visn_self_att.self.key.bias
2026-03-20 19:34:25,299 [OracleFT][Trainable] net.vln_bert.global_encoder.encoder.x_layers.3.visn_self_att.self.value.weight
2026-03-20 19:34:25,299 [OracleFT][Trainable] net.vln_bert.global_encoder.encoder.x_layers.3.visn_self_att.self.value.bias
2026-03-20 19:34:25,299 [OracleFT][Trainable] net.vln_bert.global_encoder.encoder.x_layers.3.visn_self_att.output.dense.weight
2026-03-20 19:34:25,299 [OracleFT][Trainable] net.vln_bert.global_encoder.encoder.x_layers.3.visn_self_att.output.dense.bias
2026-03-20 19:34:25,299 [OracleFT][Trainable] net.vln_bert.global_encoder.encoder.x_layers.3.visn_self_att.output.LayerNorm.weight
2026-03-20 19:34:25,299 [OracleFT][Trainable] net.vln_bert.global_encoder.encoder.x_layers.3.visn_self_att.output.LayerNorm.bias
2026-03-20 19:34:25,299 [OracleFT][Trainable] net.vln_bert.global_encoder.encoder.x_layers.3.visn_inter.dense.weight
2026-03-20 19:34:25,299 [OracleFT][Trainable] net.vln_bert.global_encoder.encoder.x_layers.3.visn_inter.dense.bias
2026-03-20 19:34:25,299 [OracleFT][Trainable] net.vln_bert.global_encoder.encoder.x_layers.3.visn_output.dense.weight
2026-03-20 19:34:25,299 [OracleFT][Trainable] net.vln_bert.global_encoder.encoder.x_layers.3.visn_output.dense.bias
2026-03-20 19:34:25,299 [OracleFT][Trainable] net.vln_bert.global_encoder.encoder.x_layers.3.visn_output.LayerNorm.weight
2026-03-20 19:34:25,299 [OracleFT][Trainable] net.vln_bert.global_encoder.encoder.x_layers.3.visn_output.LayerNorm.bias
2026-03-20 19:34:25,299 [OracleFT][Trainable] net.vln_bert.global_encoder.encoder.x_layers.3.visual_attention.att.query.weight
2026-03-20 19:34:25,299 [OracleFT][Trainable] net.vln_bert.global_encoder.encoder.x_layers.3.visual_attention.att.query.bias
2026-03-20 19:34:25,299 [OracleFT][Trainable] net.vln_bert.global_encoder.encoder.x_layers.3.visual_attention.att.key.weight
2026-03-20 19:34:25,299 [OracleFT][Trainable] net.vln_bert.global_encoder.encoder.x_layers.3.visual_attention.att.key.bias
2026-03-20 19:34:25,299 [OracleFT][Trainable] net.vln_bert.global_encoder.encoder.x_layers.3.visual_attention.att.value.weight
2026-03-20 19:34:25,299 [OracleFT][Trainable] net.vln_bert.global_encoder.encoder.x_layers.3.visual_attention.att.value.bias
2026-03-20 19:34:25,299 [OracleFT][Trainable] net.vln_bert.global_encoder.encoder.x_layers.3.visual_attention.output.dense.weight
2026-03-20 19:34:25,299 [OracleFT][Trainable] net.vln_bert.global_encoder.encoder.x_layers.3.visual_attention.output.dense.bias
2026-03-20 19:34:25,299 [OracleFT][Trainable] net.vln_bert.global_encoder.encoder.x_layers.3.visual_attention.output.LayerNorm.weight
2026-03-20 19:34:25,299 [OracleFT][Trainable] net.vln_bert.global_encoder.encoder.x_layers.3.visual_attention.output.LayerNorm.bias
2026-03-20 19:34:25,299 [OracleFT][Trainable] net.vln_bert.global_encoder.encoder.x_layers.3.semantic_sim_mlp.0.weight
2026-03-20 19:34:25,299 [OracleFT][Trainable] net.vln_bert.global_encoder.encoder.x_layers.3.semantic_sim_mlp.0.bias
2026-03-20 19:34:25,300 [OracleFT][Trainable] net.vln_bert.global_encoder.encoder.x_layers.3.semantic_sim_mlp.2.weight
2026-03-20 19:34:25,300 [OracleFT][Trainable] net.vln_bert.global_encoder.encoder.x_layers.3.semantic_sim_mlp.2.bias
2026-03-20 19:34:25,300 [OracleFT][Trainable] net.vln_bert.global_encoder.encoder.x_layers.3.semantic_sim_mlp.4.weight
2026-03-20 19:34:25,300 [OracleFT][Trainable] net.vln_bert.global_encoder.encoder.x_layers.3.semantic_sim_mlp.4.bias
2026-03-20 19:34:25,300 [OracleFT][Trainable] net.vln_bert.global_encoder.encoder.x_layers.3.instruction_rel_mlp.0.weight
2026-03-20 19:34:25,300 [OracleFT][Trainable] net.vln_bert.global_encoder.encoder.x_layers.3.instruction_rel_mlp.0.bias
2026-03-20 19:34:25,300 [OracleFT][Trainable] net.vln_bert.global_encoder.encoder.x_layers.3.instruction_rel_mlp.2.weight
2026-03-20 19:34:25,300 [OracleFT][Trainable] net.vln_bert.global_encoder.encoder.x_layers.3.instruction_rel_mlp.2.bias
2026-03-20 19:34:25,300 [OracleFT][Trainable] net.vln_bert.global_encoder.encoder.x_layers.3.instruction_rel_mlp.4.weight
2026-03-20 19:34:25,300 [OracleFT][Trainable] net.vln_bert.global_encoder.encoder.x_layers.3.instruction_rel_mlp.4.bias
2026-03-20 19:34:25,300 [OracleFT][Trainable] net.vln_bert.global_encoder.sprel_linear.weight
2026-03-20 19:34:25,300 [OracleFT][Trainable] net.vln_bert.global_encoder.sprel_linear.bias
2026-03-20 19:34:25,300 [OracleFT][Trainable] net.vln_bert.global_sap_head.net.0.weight
2026-03-20 19:34:25,300 [OracleFT][Trainable] net.vln_bert.global_sap_head.net.0.bias
2026-03-20 19:34:25,300 [OracleFT][Trainable] net.vln_bert.global_sap_head.net.2.weight
2026-03-20 19:34:25,300 [OracleFT][Trainable] net.vln_bert.global_sap_head.net.2.bias
2026-03-20 19:34:25,300 [OracleFT][Trainable] net.vln_bert.global_sap_head.net.4.weight
2026-03-20 19:34:25,300 [OracleFT][Trainable] net.vln_bert.global_sap_head.net.4.bias
2026-03-20 19:34:25,300 [OracleFT][Trainable] net.rgb_encoder.rgb_projector.0.weight
2026-03-20 19:34:25,300 [OracleFT][Trainable] net.rgb_encoder.rgb_projector.0.bias
2026-03-20 19:34:25,300 [OracleFT][Trainable] net.rgb_encoder.rgb_projector.2.weight
2026-03-20 19:34:25,300 [OracleFT][Trainable] net.rgb_encoder.rgb_projector.2.bias
2026-03-20 19:34:25,300 [OracleFT][Trainable] net.rgb_encoder.rgb_projector.4.weight
2026-03-20 19:34:25,300 [OracleFT][Trainable] net.rgb_encoder.rgb_projector.4.bias
2026-03-20 19:34:25,300 [OracleFT][Trainable] net.oracle_adapter.gain
2026-03-20 19:34:25,300 [OracleFT][Trainable] net.oracle_adapter.ln.weight
2026-03-20 19:34:25,300 [OracleFT][Trainable] net.oracle_adapter.ln.bias
2026-03-20 19:34:25,300 [OracleFT][Trainable] net.oracle_adapter.layers.0.weight
2026-03-20 19:34:25,300 [OracleFT][Trainable] net.oracle_adapter.layers.0.bias
2026-03-20 19:34:25,300 [OracleFT][Trainable] net.oracle_adapter.layers.1.weight
2026-03-20 19:34:25,300 [OracleFT][Trainable] net.oracle_adapter.layers.1.bias
2026-03-20 19:34:25,300 [OracleFT][Trainable] net.oracle_adapter.layers.2.weight
2026-03-20 19:34:25,300 [OracleFT][Trainable] net.oracle_adapter.layers.2.bias
2026-03-20 19:34:25,300 [OracleFT][Trainable] action_distribution.linear.weight
2026-03-20 19:34:25,300 [OracleFT][Trainable] action_distribution.linear.bias
2026-03-20 19:34:25,301 Using separate learning rate 0.0001 for dynamic graph parameters
2026-03-20 19:34:25,302 Agent parameters: 184.78 MB. Trainable: 155.66 MB.
2026-03-20 19:34:25,305 [OracleFT] Train scope: baseline_plus_oracle_adapter
2026-03-20 19:34:25,305 [OracleFT] Trainable oracle_adapter params: 1.77 MB
2026-03-20 19:34:25,305 [OracleFT] Trainable rgb_projector params: 1.28 MB
2026-03-20 19:34:25,305 [OracleFT] Trainable global_encoder params: 49.62 MB
2026-03-20 19:34:25,305 [OracleFT] Trainable downstream sample params: 0.59 MB
2026-03-20 19:34:25,305 [OracleFT] Trainable dino backbone params: 0.00 MB
2026-03-20 19:34:25,305 Finished setting up policy.
2026-03-20 19:34:25,306 Traning Starts... GOOD LUCK!
2026-03-20 19:34:25,306 Perf timing log file: data/logs/checkpoints/oracle_train_stream_batch_cache_ft/perf_timing/oracle_train_stream_batch_cache_ft_train_rollout_timing_rank0_20260320_193425.log
2026-03-20 19:37:26,524 Initializing dataset VLN-CE-v1
2026-03-20 19:37:26,884 SPLTI: train, NUMBER OF SCENES: 61
2026-03-20 19:37:34,477 LOCAL RANK: 0, ENV NUM: 4, DATASET LEN: 10819
2026-03-20 19:37:37,876 [OracleFT] baseline_plus_oracle_adapter keeps baseline trainable params and ignores unfreeze_global_encoder/unfreeze_input_proj gating.
2026-03-20 19:37:37,877 [OracleFT] train_scope=baseline_plus_oracle_adapter
2026-03-20 19:37:37,877 [OracleFT] trainable params configured: 380 tensors
2026-03-20 19:37:37,877 [OracleFT] trainable summary: rgb_projector=6, oracle_adapter=9, downstream_sample=6, dino_backbone=0
2026-03-20 19:37:37,877 [OracleFT][Trainable] net.vln_bert.embeddings.word_embeddings.weight
2026-03-20 19:37:37,877 [OracleFT][Trainable] net.vln_bert.embeddings.position_embeddings.weight
2026-03-20 19:37:37,877 [OracleFT][Trainable] net.vln_bert.embeddings.token_type_embeddings.weight
2026-03-20 19:37:37,877 [OracleFT][Trainable] net.vln_bert.embeddings.LayerNorm.weight
2026-03-20 19:37:37,877 [OracleFT][Trainable] net.vln_bert.embeddings.LayerNorm.bias
2026-03-20 19:37:37,877 [OracleFT][Trainable] net.vln_bert.lang_encoder.layer.0.attention.self.query.weight
2026-03-20 19:37:37,877 [OracleFT][Trainable] net.vln_bert.lang_encoder.layer.0.attention.self.query.bias
2026-03-20 19:37:37,877 [OracleFT][Trainable] net.vln_bert.lang_encoder.layer.0.attention.self.key.weight
2026-03-20 19:37:37,877 [OracleFT][Trainable] net.vln_bert.lang_encoder.layer.0.attention.self.key.bias
2026-03-20 19:37:37,877 [OracleFT][Trainable] net.vln_bert.lang_encoder.layer.0.attention.self.value.weight
2026-03-20 19:37:37,877 [OracleFT][Trainable] net.vln_bert.lang_encoder.layer.0.attention.self.value.bias
2026-03-20 19:37:37,877 [OracleFT][Trainable] net.vln_bert.lang_encoder.layer.0.attention.output.dense.weight
2026-03-20 19:37:37,877 [OracleFT][Trainable] net.vln_bert.lang_encoder.layer.0.attention.output.dense.bias
2026-03-20 19:37:37,877 [OracleFT][Trainable] net.vln_bert.lang_encoder.layer.0.attention.output.LayerNorm.weight
2026-03-20 19:37:37,877 [OracleFT][Trainable] net.vln_bert.lang_encoder.layer.0.attention.output.LayerNorm.bias
2026-03-20 19:37:37,877 [OracleFT][Trainable] net.vln_bert.lang_encoder.layer.0.intermediate.dense.weight
2026-03-20 19:37:37,877 [OracleFT][Trainable] net.vln_bert.lang_encoder.layer.0.intermediate.dense.bias
2026-03-20 19:37:37,877 [OracleFT][Trainable] net.vln_bert.lang_encoder.layer.0.output.dense.weight
2026-03-20 19:37:37,877 [OracleFT][Trainable] net.vln_bert.lang_encoder.layer.0.output.dense.bias
2026-03-20 19:37:37,877 [OracleFT][Trainable] net.vln_bert.lang_encoder.layer.0.output.LayerNorm.weight
2026-03-20 19:37:37,877 [OracleFT][Trainable] net.vln_bert.lang_encoder.layer.0.output.LayerNorm.bias
2026-03-20 19:37:37,877 [OracleFT][Trainable] net.vln_bert.lang_encoder.layer.1.attention.self.query.weight
2026-03-20 19:37:37,877 [OracleFT][Trainable] net.vln_bert.lang_encoder.layer.1.attention.self.query.bias
2026-03-20 19:37:37,877 [OracleFT][Trainable] net.vln_bert.lang_encoder.layer.1.attention.self.key.weight
2026-03-20 19:37:37,877 [OracleFT][Trainable] net.vln_bert.lang_encoder.layer.1.attention.self.key.bias
2026-03-20 19:37:37,877 [OracleFT][Trainable] net.vln_bert.lang_encoder.layer.1.attention.self.value.weight
2026-03-20 19:37:37,877 [OracleFT][Trainable] net.vln_bert.lang_encoder.layer.1.attention.self.value.bias
2026-03-20 19:37:37,877 [OracleFT][Trainable] net.vln_bert.lang_encoder.layer.1.attention.output.dense.weight
2026-03-20 19:37:37,877 [OracleFT][Trainable] net.vln_bert.lang_encoder.layer.1.attention.output.dense.bias
2026-03-20 19:37:37,877 [OracleFT][Trainable] net.vln_bert.lang_encoder.layer.1.attention.output.LayerNorm.weight
2026-03-20 19:37:37,877 [OracleFT][Trainable] net.vln_bert.lang_encoder.layer.1.attention.output.LayerNorm.bias
2026-03-20 19:37:37,877 [OracleFT][Trainable] net.vln_bert.lang_encoder.layer.1.intermediate.dense.weight
2026-03-20 19:37:37,877 [OracleFT][Trainable] net.vln_bert.lang_encoder.layer.1.intermediate.dense.bias
2026-03-20 19:37:37,877 [OracleFT][Trainable] net.vln_bert.lang_encoder.layer.1.output.dense.weight
2026-03-20 19:37:37,877 [OracleFT][Trainable] net.vln_bert.lang_encoder.layer.1.output.dense.bias
2026-03-20 19:37:37,877 [OracleFT][Trainable] net.vln_bert.lang_encoder.layer.1.output.LayerNorm.weight
2026-03-20 19:37:37,877 [OracleFT][Trainable] net.vln_bert.lang_encoder.layer.1.output.LayerNorm.bias
2026-03-20 19:37:37,877 [OracleFT][Trainable] net.vln_bert.lang_encoder.layer.2.attention.self.query.weight
2026-03-20 19:37:37,877 [OracleFT][Trainable] net.vln_bert.lang_encoder.layer.2.attention.self.query.bias
2026-03-20 19:37:37,877 [OracleFT][Trainable] net.vln_bert.lang_encoder.layer.2.attention.self.key.weight
2026-03-20 19:37:37,877 [OracleFT][Trainable] net.vln_bert.lang_encoder.layer.2.attention.self.key.bias
2026-03-20 19:37:37,877 [OracleFT][Trainable] net.vln_bert.lang_encoder.layer.2.attention.self.value.weight
2026-03-20 19:37:37,877 [OracleFT][Trainable] net.vln_bert.lang_encoder.layer.2.attention.self.value.bias
2026-03-20 19:37:37,877 [OracleFT][Trainable] net.vln_bert.lang_encoder.layer.2.attention.output.dense.weight
2026-03-20 19:37:37,877 [OracleFT][Trainable] net.vln_bert.lang_encoder.layer.2.attention.output.dense.bias
2026-03-20 19:37:37,877 [OracleFT][Trainable] net.vln_bert.lang_encoder.layer.2.attention.output.LayerNorm.weight
2026-03-20 19:37:37,877 [OracleFT][Trainable] net.vln_bert.lang_encoder.layer.2.attention.output.LayerNorm.bias
2026-03-20 19:37:37,878 [OracleFT][Trainable] net.vln_bert.lang_encoder.layer.2.intermediate.dense.weight
2026-03-20 19:37:37,878 [OracleFT][Trainable] net.vln_bert.lang_encoder.layer.2.intermediate.dense.bias
2026-03-20 19:37:37,878 [OracleFT][Trainable] net.vln_bert.lang_encoder.layer.2.output.dense.weight
2026-03-20 19:37:37,878 [OracleFT][Trainable] net.vln_bert.lang_encoder.layer.2.output.dense.bias
2026-03-20 19:37:37,878 [OracleFT][Trainable] net.vln_bert.lang_encoder.layer.2.output.LayerNorm.weight
2026-03-20 19:37:37,878 [OracleFT][Trainable] net.vln_bert.lang_encoder.layer.2.output.LayerNorm.bias
2026-03-20 19:37:37,878 [OracleFT][Trainable] net.vln_bert.lang_encoder.layer.3.attention.self.query.weight
2026-03-20 19:37:37,878 [OracleFT][Trainable] net.vln_bert.lang_encoder.layer.3.attention.self.query.bias
2026-03-20 19:37:37,878 [OracleFT][Trainable] net.vln_bert.lang_encoder.layer.3.attention.self.key.weight
2026-03-20 19:37:37,878 [OracleFT][Trainable] net.vln_bert.lang_encoder.layer.3.attention.self.key.bias
2026-03-20 19:37:37,878 [OracleFT][Trainable] net.vln_bert.lang_encoder.layer.3.attention.self.value.weight
2026-03-20 19:37:37,878 [OracleFT][Trainable] net.vln_bert.lang_encoder.layer.3.attention.self.value.bias
2026-03-20 19:37:37,878 [OracleFT][Trainable] net.vln_bert.lang_encoder.layer.3.attention.output.dense.weight
2026-03-20 19:37:37,878 [OracleFT][Trainable] net.vln_bert.lang_encoder.layer.3.attention.output.dense.bias
2026-03-20 19:37:37,878 [OracleFT][Trainable] net.vln_bert.lang_encoder.layer.3.attention.output.LayerNorm.weight
2026-03-20 19:37:37,878 [OracleFT][Trainable] net.vln_bert.lang_encoder.layer.3.attention.output.LayerNorm.bias
2026-03-20 19:37:37,878 [OracleFT][Trainable] net.vln_bert.lang_encoder.layer.3.intermediate.dense.weight
2026-03-20 19:37:37,878 [OracleFT][Trainable] net.vln_bert.lang_encoder.layer.3.intermediate.dense.bias
2026-03-20 19:37:37,878 [OracleFT][Trainable] net.vln_bert.lang_encoder.layer.3.output.dense.weight
2026-03-20 19:37:37,878 [OracleFT][Trainable] net.vln_bert.lang_encoder.layer.3.output.dense.bias
2026-03-20 19:37:37,878 [OracleFT][Trainable] net.vln_bert.lang_encoder.layer.3.output.LayerNorm.weight
2026-03-20 19:37:37,878 [OracleFT][Trainable] net.vln_bert.lang_encoder.layer.3.output.LayerNorm.bias
2026-03-20 19:37:37,878 [OracleFT][Trainable] net.vln_bert.lang_encoder.layer.4.attention.self.query.weight
2026-03-20 19:37:37,878 [OracleFT][Trainable] net.vln_bert.lang_encoder.layer.4.attention.self.query.bias
2026-03-20 19:37:37,878 [OracleFT][Trainable] net.vln_bert.lang_encoder.layer.4.attention.self.key.weight
2026-03-20 19:37:37,878 [OracleFT][Trainable] net.vln_bert.lang_encoder.layer.4.attention.self.key.bias
2026-03-20 19:37:37,878 [OracleFT][Trainable] net.vln_bert.lang_encoder.layer.4.attention.self.value.weight
2026-03-20 19:37:37,878 [OracleFT][Trainable] net.vln_bert.lang_encoder.layer.4.attention.self.value.bias
2026-03-20 19:37:37,878 [OracleFT][Trainable] net.vln_bert.lang_encoder.layer.4.attention.output.dense.weight
2026-03-20 19:37:37,878 [OracleFT][Trainable] net.vln_bert.lang_encoder.layer.4.attention.output.dense.bias
2026-03-20 19:37:37,878 [OracleFT][Trainable] net.vln_bert.lang_encoder.layer.4.attention.output.LayerNorm.weight
2026-03-20 19:37:37,878 [OracleFT][Trainable] net.vln_bert.lang_encoder.layer.4.attention.output.LayerNorm.bias
2026-03-20 19:37:37,878 [OracleFT][Trainable] net.vln_bert.lang_encoder.layer.4.intermediate.dense.weight
2026-03-20 19:37:37,878 [OracleFT][Trainable] net.vln_bert.lang_encoder.layer.4.intermediate.dense.bias
2026-03-20 19:37:37,878 [OracleFT][Trainable] net.vln_bert.lang_encoder.layer.4.output.dense.weight
2026-03-20 19:37:37,878 [OracleFT][Trainable] net.vln_bert.lang_encoder.layer.4.output.dense.bias
2026-03-20 19:37:37,878 [OracleFT][Trainable] net.vln_bert.lang_encoder.layer.4.output.LayerNorm.weight
2026-03-20 19:37:37,878 [OracleFT][Trainable] net.vln_bert.lang_encoder.layer.4.output.LayerNorm.bias
2026-03-20 19:37:37,878 [OracleFT][Trainable] net.vln_bert.lang_encoder.layer.5.attention.self.query.weight
2026-03-20 19:37:37,878 [OracleFT][Trainable] net.vln_bert.lang_encoder.layer.5.attention.self.query.bias
2026-03-20 19:37:37,878 [OracleFT][Trainable] net.vln_bert.lang_encoder.layer.5.attention.self.key.weight
2026-03-20 19:37:37,878 [OracleFT][Trainable] net.vln_bert.lang_encoder.layer.5.attention.self.key.bias
2026-03-20 19:37:37,878 [OracleFT][Trainable] net.vln_bert.lang_encoder.layer.5.attention.self.value.weight
2026-03-20 19:37:37,878 [OracleFT][Trainable] net.vln_bert.lang_encoder.layer.5.attention.self.value.bias
2026-03-20 19:37:37,878 [OracleFT][Trainable] net.vln_bert.lang_encoder.layer.5.attention.output.dense.weight
2026-03-20 19:37:37,878 [OracleFT][Trainable] net.vln_bert.lang_encoder.layer.5.attention.output.dense.bias
2026-03-20 19:37:37,878 [OracleFT][Trainable] net.vln_bert.lang_encoder.layer.5.attention.output.LayerNorm.weight
2026-03-20 19:37:37,878 [OracleFT][Trainable] net.vln_bert.lang_encoder.layer.5.attention.output.LayerNorm.bias
2026-03-20 19:37:37,878 [OracleFT][Trainable] net.vln_bert.lang_encoder.layer.5.intermediate.dense.weight
2026-03-20 19:37:37,878 [OracleFT][Trainable] net.vln_bert.lang_encoder.layer.5.intermediate.dense.bias
2026-03-20 19:37:37,878 [OracleFT][Trainable] net.vln_bert.lang_encoder.layer.5.output.dense.weight
2026-03-20 19:37:37,878 [OracleFT][Trainable] net.vln_bert.lang_encoder.layer.5.output.dense.bias
2026-03-20 19:37:37,878 [OracleFT][Trainable] net.vln_bert.lang_encoder.layer.5.output.LayerNorm.weight
2026-03-20 19:37:37,878 [OracleFT][Trainable] net.vln_bert.lang_encoder.layer.5.output.LayerNorm.bias
2026-03-20 19:37:37,878 [OracleFT][Trainable] net.vln_bert.lang_encoder.layer.6.attention.self.query.weight
2026-03-20 19:37:37,878 [OracleFT][Trainable] net.vln_bert.lang_encoder.layer.6.attention.self.query.bias
2026-03-20 19:37:37,878 [OracleFT][Trainable] net.vln_bert.lang_encoder.layer.6.attention.self.key.weight
2026-03-20 19:37:37,878 [OracleFT][Trainable] net.vln_bert.lang_encoder.layer.6.attention.self.key.bias
2026-03-20 19:37:37,878 [OracleFT][Trainable] net.vln_bert.lang_encoder.layer.6.attention.self.value.weight
2026-03-20 19:37:37,878 [OracleFT][Trainable] net.vln_bert.lang_encoder.layer.6.attention.self.value.bias
2026-03-20 19:37:37,878 [OracleFT][Trainable] net.vln_bert.lang_encoder.layer.6.attention.output.dense.weight
2026-03-20 19:37:37,878 [OracleFT][Trainable] net.vln_bert.lang_encoder.layer.6.attention.output.dense.bias
2026-03-20 19:37:37,878 [OracleFT][Trainable] net.vln_bert.lang_encoder.layer.6.attention.output.LayerNorm.weight
2026-03-20 19:37:37,878 [OracleFT][Trainable] net.vln_bert.lang_encoder.layer.6.attention.output.LayerNorm.bias
2026-03-20 19:37:37,878 [OracleFT][Trainable] net.vln_bert.lang_encoder.layer.6.intermediate.dense.weight
2026-03-20 19:37:37,878 [OracleFT][Trainable] net.vln_bert.lang_encoder.layer.6.intermediate.dense.bias
2026-03-20 19:37:37,878 [OracleFT][Trainable] net.vln_bert.lang_encoder.layer.6.output.dense.weight
2026-03-20 19:37:37,878 [OracleFT][Trainable] net.vln_bert.lang_encoder.layer.6.output.dense.bias
2026-03-20 19:37:37,878 [OracleFT][Trainable] net.vln_bert.lang_encoder.layer.6.output.LayerNorm.weight
2026-03-20 19:37:37,878 [OracleFT][Trainable] net.vln_bert.lang_encoder.layer.6.output.LayerNorm.bias
2026-03-20 19:37:37,878 [OracleFT][Trainable] net.vln_bert.lang_encoder.layer.7.attention.self.query.weight
2026-03-20 19:37:37,878 [OracleFT][Trainable] net.vln_bert.lang_encoder.layer.7.attention.self.query.bias
2026-03-20 19:37:37,878 [OracleFT][Trainable] net.vln_bert.lang_encoder.layer.7.attention.self.key.weight
2026-03-20 19:37:37,878 [OracleFT][Trainable] net.vln_bert.lang_encoder.layer.7.attention.self.key.bias
2026-03-20 19:37:37,878 [OracleFT][Trainable] net.vln_bert.lang_encoder.layer.7.attention.self.value.weight
2026-03-20 19:37:37,878 [OracleFT][Trainable] net.vln_bert.lang_encoder.layer.7.attention.self.value.bias
2026-03-20 19:37:37,878 [OracleFT][Trainable] net.vln_bert.lang_encoder.layer.7.attention.output.dense.weight
2026-03-20 19:37:37,878 [OracleFT][Trainable] net.vln_bert.lang_encoder.layer.7.attention.output.dense.bias
2026-03-20 19:37:37,878 [OracleFT][Trainable] net.vln_bert.lang_encoder.layer.7.attention.output.LayerNorm.weight
2026-03-20 19:37:37,878 [OracleFT][Trainable] net.vln_bert.lang_encoder.layer.7.attention.output.LayerNorm.bias
2026-03-20 19:37:37,878 [OracleFT][Trainable] net.vln_bert.lang_encoder.layer.7.intermediate.dense.weight
2026-03-20 19:37:37,878 [OracleFT][Trainable] net.vln_bert.lang_encoder.layer.7.intermediate.dense.bias
2026-03-20 19:37:37,878 [OracleFT][Trainable] net.vln_bert.lang_encoder.layer.7.output.dense.weight
2026-03-20 19:37:37,878 [OracleFT][Trainable] net.vln_bert.lang_encoder.layer.7.output.dense.bias
2026-03-20 19:37:37,878 [OracleFT][Trainable] net.vln_bert.lang_encoder.layer.7.output.LayerNorm.weight
2026-03-20 19:37:37,878 [OracleFT][Trainable] net.vln_bert.lang_encoder.layer.7.output.LayerNorm.bias
2026-03-20 19:37:37,878 [OracleFT][Trainable] net.vln_bert.lang_encoder.layer.8.attention.self.query.weight
2026-03-20 19:37:37,878 [OracleFT][Trainable] net.vln_bert.lang_encoder.layer.8.attention.self.query.bias
2026-03-20 19:37:37,878 [OracleFT][Trainable] net.vln_bert.lang_encoder.layer.8.attention.self.key.weight
2026-03-20 19:37:37,878 [OracleFT][Trainable] net.vln_bert.lang_encoder.layer.8.attention.self.key.bias
2026-03-20 19:37:37,878 [OracleFT][Trainable] net.vln_bert.lang_encoder.layer.8.attention.self.value.weight
2026-03-20 19:37:37,878 [OracleFT][Trainable] net.vln_bert.lang_encoder.layer.8.attention.self.value.bias
2026-03-20 19:37:37,878 [OracleFT][Trainable] net.vln_bert.lang_encoder.layer.8.attention.output.dense.weight
2026-03-20 19:37:37,878 [OracleFT][Trainable] net.vln_bert.lang_encoder.layer.8.attention.output.dense.bias
2026-03-20 19:37:37,878 [OracleFT][Trainable] net.vln_bert.lang_encoder.layer.8.attention.output.LayerNorm.weight
2026-03-20 19:37:37,878 [OracleFT][Trainable] net.vln_bert.lang_encoder.layer.8.attention.output.LayerNorm.bias
2026-03-20 19:37:37,878 [OracleFT][Trainable] net.vln_bert.lang_encoder.layer.8.intermediate.dense.weight
2026-03-20 19:37:37,878 [OracleFT][Trainable] net.vln_bert.lang_encoder.layer.8.intermediate.dense.bias
2026-03-20 19:37:37,878 [OracleFT][Trainable] net.vln_bert.lang_encoder.layer.8.output.dense.weight
2026-03-20 19:37:37,878 [OracleFT][Trainable] net.vln_bert.lang_encoder.layer.8.output.dense.bias
2026-03-20 19:37:37,878 [OracleFT][Trainable] net.vln_bert.lang_encoder.layer.8.output.LayerNorm.weight
2026-03-20 19:37:37,878 [OracleFT][Trainable] net.vln_bert.lang_encoder.layer.8.output.LayerNorm.bias
2026-03-20 19:37:37,879 [OracleFT][Trainable] net.vln_bert.img_embeddings.img_linear.weight
2026-03-20 19:37:37,879 [OracleFT][Trainable] net.vln_bert.img_embeddings.img_linear.bias
2026-03-20 19:37:37,879 [OracleFT][Trainable] net.vln_bert.img_embeddings.img_layer_norm.weight
2026-03-20 19:37:37,879 [OracleFT][Trainable] net.vln_bert.img_embeddings.img_layer_norm.bias
2026-03-20 19:37:37,879 [OracleFT][Trainable] net.vln_bert.img_embeddings.loc_linear.weight
2026-03-20 19:37:37,879 [OracleFT][Trainable] net.vln_bert.img_embeddings.loc_linear.bias
2026-03-20 19:37:37,879 [OracleFT][Trainable] net.vln_bert.img_embeddings.loc_layer_norm.weight
2026-03-20 19:37:37,879 [OracleFT][Trainable] net.vln_bert.img_embeddings.loc_layer_norm.bias
2026-03-20 19:37:37,879 [OracleFT][Trainable] net.vln_bert.img_embeddings.dep_linear.weight
2026-03-20 19:37:37,879 [OracleFT][Trainable] net.vln_bert.img_embeddings.dep_linear.bias
2026-03-20 19:37:37,879 [OracleFT][Trainable] net.vln_bert.img_embeddings.dep_layer_norm.weight
2026-03-20 19:37:37,879 [OracleFT][Trainable] net.vln_bert.img_embeddings.dep_layer_norm.bias
2026-03-20 19:37:37,879 [OracleFT][Trainable] net.vln_bert.img_embeddings.nav_type_embedding.weight
2026-03-20 19:37:37,879 [OracleFT][Trainable] net.vln_bert.img_embeddings.layer_norm.weight
2026-03-20 19:37:37,879 [OracleFT][Trainable] net.vln_bert.img_embeddings.layer_norm.bias
2026-03-20 19:37:37,879 [OracleFT][Trainable] net.vln_bert.img_embeddings.pano_encoder.layers.0.self_attn.in_proj_weight
2026-03-20 19:37:37,879 [OracleFT][Trainable] net.vln_bert.img_embeddings.pano_encoder.layers.0.self_attn.in_proj_bias
2026-03-20 19:37:37,879 [OracleFT][Trainable] net.vln_bert.img_embeddings.pano_encoder.layers.0.self_attn.out_proj.weight
2026-03-20 19:37:37,879 [OracleFT][Trainable] net.vln_bert.img_embeddings.pano_encoder.layers.0.self_attn.out_proj.bias
2026-03-20 19:37:37,879 [OracleFT][Trainable] net.vln_bert.img_embeddings.pano_encoder.layers.0.linear1.weight
2026-03-20 19:37:37,879 [OracleFT][Trainable] net.vln_bert.img_embeddings.pano_encoder.layers.0.linear1.bias
2026-03-20 19:37:37,879 [OracleFT][Trainable] net.vln_bert.img_embeddings.pano_encoder.layers.0.linear2.weight
2026-03-20 19:37:37,879 [OracleFT][Trainable] net.vln_bert.img_embeddings.pano_encoder.layers.0.linear2.bias
2026-03-20 19:37:37,879 [OracleFT][Trainable] net.vln_bert.img_embeddings.pano_encoder.layers.0.norm1.weight
2026-03-20 19:37:37,879 [OracleFT][Trainable] net.vln_bert.img_embeddings.pano_encoder.layers.0.norm1.bias
2026-03-20 19:37:37,879 [OracleFT][Trainable] net.vln_bert.img_embeddings.pano_encoder.layers.0.norm2.weight
2026-03-20 19:37:37,879 [OracleFT][Trainable] net.vln_bert.img_embeddings.pano_encoder.layers.0.norm2.bias
2026-03-20 19:37:37,879 [OracleFT][Trainable] net.vln_bert.img_embeddings.pano_encoder.layers.1.self_attn.in_proj_weight
2026-03-20 19:37:37,879 [OracleFT][Trainable] net.vln_bert.img_embeddings.pano_encoder.layers.1.self_attn.in_proj_bias
2026-03-20 19:37:37,879 [OracleFT][Trainable] net.vln_bert.img_embeddings.pano_encoder.layers.1.self_attn.out_proj.weight
2026-03-20 19:37:37,879 [OracleFT][Trainable] net.vln_bert.img_embeddings.pano_encoder.layers.1.self_attn.out_proj.bias
2026-03-20 19:37:37,879 [OracleFT][Trainable] net.vln_bert.img_embeddings.pano_encoder.layers.1.linear1.weight
2026-03-20 19:37:37,879 [OracleFT][Trainable] net.vln_bert.img_embeddings.pano_encoder.layers.1.linear1.bias
2026-03-20 19:37:37,879 [OracleFT][Trainable] net.vln_bert.img_embeddings.pano_encoder.layers.1.linear2.weight
2026-03-20 19:37:37,879 [OracleFT][Trainable] net.vln_bert.img_embeddings.pano_encoder.layers.1.linear2.bias
2026-03-20 19:37:37,879 [OracleFT][Trainable] net.vln_bert.img_embeddings.pano_encoder.layers.1.norm1.weight
2026-03-20 19:37:37,879 [OracleFT][Trainable] net.vln_bert.img_embeddings.pano_encoder.layers.1.norm1.bias
2026-03-20 19:37:37,879 [OracleFT][Trainable] net.vln_bert.img_embeddings.pano_encoder.layers.1.norm2.weight
2026-03-20 19:37:37,879 [OracleFT][Trainable] net.vln_bert.img_embeddings.pano_encoder.layers.1.norm2.bias
2026-03-20 19:37:37,879 [OracleFT][Trainable] net.vln_bert.img_embeddings.pano_encoder.norm.weight
2026-03-20 19:37:37,879 [OracleFT][Trainable] net.vln_bert.img_embeddings.pano_encoder.norm.bias
2026-03-20 19:37:37,879 [OracleFT][Trainable] net.vln_bert.global_encoder.gmap_pos_embeddings.0.weight
2026-03-20 19:37:37,879 [OracleFT][Trainable] net.vln_bert.global_encoder.gmap_pos_embeddings.0.bias
2026-03-20 19:37:37,879 [OracleFT][Trainable] net.vln_bert.global_encoder.gmap_pos_embeddings.1.weight
2026-03-20 19:37:37,879 [OracleFT][Trainable] net.vln_bert.global_encoder.gmap_pos_embeddings.1.bias
2026-03-20 19:37:37,879 [OracleFT][Trainable] net.vln_bert.global_encoder.gmap_step_embeddings.weight
2026-03-20 19:37:37,879 [OracleFT][Trainable] net.vln_bert.global_encoder.encoder.x_layers.0.w2
2026-03-20 19:37:37,879 [OracleFT][Trainable] net.vln_bert.global_encoder.encoder.x_layers.0.w3
2026-03-20 19:37:37,879 [OracleFT][Trainable] net.vln_bert.global_encoder.encoder.x_layers.0.visn_self_att.self.query.weight
2026-03-20 19:37:37,879 [OracleFT][Trainable] net.vln_bert.global_encoder.encoder.x_layers.0.visn_self_att.self.query.bias
2026-03-20 19:37:37,879 [OracleFT][Trainable] net.vln_bert.global_encoder.encoder.x_layers.0.visn_self_att.self.key.weight
2026-03-20 19:37:37,879 [OracleFT][Trainable] net.vln_bert.global_encoder.encoder.x_layers.0.visn_self_att.self.key.bias
2026-03-20 19:37:37,879 [OracleFT][Trainable] net.vln_bert.global_encoder.encoder.x_layers.0.visn_self_att.self.value.weight
2026-03-20 19:37:37,879 [OracleFT][Trainable] net.vln_bert.global_encoder.encoder.x_layers.0.visn_self_att.self.value.bias
2026-03-20 19:37:37,879 [OracleFT][Trainable] net.vln_bert.global_encoder.encoder.x_layers.0.visn_self_att.output.dense.weight
2026-03-20 19:37:37,879 [OracleFT][Trainable] net.vln_bert.global_encoder.encoder.x_layers.0.visn_self_att.output.dense.bias
2026-03-20 19:37:37,879 [OracleFT][Trainable] net.vln_bert.global_encoder.encoder.x_layers.0.visn_self_att.output.LayerNorm.weight
2026-03-20 19:37:37,879 [OracleFT][Trainable] net.vln_bert.global_encoder.encoder.x_layers.0.visn_self_att.output.LayerNorm.bias
2026-03-20 19:37:37,879 [OracleFT][Trainable] net.vln_bert.global_encoder.encoder.x_layers.0.visn_inter.dense.weight
2026-03-20 19:37:37,879 [OracleFT][Trainable] net.vln_bert.global_encoder.encoder.x_layers.0.visn_inter.dense.bias
2026-03-20 19:37:37,879 [OracleFT][Trainable] net.vln_bert.global_encoder.encoder.x_layers.0.visn_output.dense.weight
2026-03-20 19:37:37,879 [OracleFT][Trainable] net.vln_bert.global_encoder.encoder.x_layers.0.visn_output.dense.bias
2026-03-20 19:37:37,879 [OracleFT][Trainable] net.vln_bert.global_encoder.encoder.x_layers.0.visn_output.LayerNorm.weight
2026-03-20 19:37:37,879 [OracleFT][Trainable] net.vln_bert.global_encoder.encoder.x_layers.0.visn_output.LayerNorm.bias
2026-03-20 19:37:37,879 [OracleFT][Trainable] net.vln_bert.global_encoder.encoder.x_layers.0.visual_attention.att.query.weight
2026-03-20 19:37:37,879 [OracleFT][Trainable] net.vln_bert.global_encoder.encoder.x_layers.0.visual_attention.att.query.bias
2026-03-20 19:37:37,879 [OracleFT][Trainable] net.vln_bert.global_encoder.encoder.x_layers.0.visual_attention.att.key.weight
2026-03-20 19:37:37,879 [OracleFT][Trainable] net.vln_bert.global_encoder.encoder.x_layers.0.visual_attention.att.key.bias
2026-03-20 19:37:37,879 [OracleFT][Trainable] net.vln_bert.global_encoder.encoder.x_layers.0.visual_attention.att.value.weight
2026-03-20 19:37:37,879 [OracleFT][Trainable] net.vln_bert.global_encoder.encoder.x_layers.0.visual_attention.att.value.bias
2026-03-20 19:37:37,879 [OracleFT][Trainable] net.vln_bert.global_encoder.encoder.x_layers.0.visual_attention.output.dense.weight
2026-03-20 19:37:37,879 [OracleFT][Trainable] net.vln_bert.global_encoder.encoder.x_layers.0.visual_attention.output.dense.bias
2026-03-20 19:37:37,879 [OracleFT][Trainable] net.vln_bert.global_encoder.encoder.x_layers.0.visual_attention.output.LayerNorm.weight
2026-03-20 19:37:37,879 [OracleFT][Trainable] net.vln_bert.global_encoder.encoder.x_layers.0.visual_attention.output.LayerNorm.bias
2026-03-20 19:37:37,879 [OracleFT][Trainable] net.vln_bert.global_encoder.encoder.x_layers.0.semantic_sim_mlp.0.weight
2026-03-20 19:37:37,879 [OracleFT][Trainable] net.vln_bert.global_encoder.encoder.x_layers.0.semantic_sim_mlp.0.bias
2026-03-20 19:37:37,879 [OracleFT][Trainable] net.vln_bert.global_encoder.encoder.x_layers.0.semantic_sim_mlp.2.weight
2026-03-20 19:37:37,879 [OracleFT][Trainable] net.vln_bert.global_encoder.encoder.x_layers.0.semantic_sim_mlp.2.bias
2026-03-20 19:37:37,879 [OracleFT][Trainable] net.vln_bert.global_encoder.encoder.x_layers.0.semantic_sim_mlp.4.weight
2026-03-20 19:37:37,879 [OracleFT][Trainable] net.vln_bert.global_encoder.encoder.x_layers.0.semantic_sim_mlp.4.bias
2026-03-20 19:37:37,879 [OracleFT][Trainable] net.vln_bert.global_encoder.encoder.x_layers.0.instruction_rel_mlp.0.weight
2026-03-20 19:37:37,879 [OracleFT][Trainable] net.vln_bert.global_encoder.encoder.x_layers.0.instruction_rel_mlp.0.bias
2026-03-20 19:37:37,879 [OracleFT][Trainable] net.vln_bert.global_encoder.encoder.x_layers.0.instruction_rel_mlp.2.weight
2026-03-20 19:37:37,879 [OracleFT][Trainable] net.vln_bert.global_encoder.encoder.x_layers.0.instruction_rel_mlp.2.bias
2026-03-20 19:37:37,879 [OracleFT][Trainable] net.vln_bert.global_encoder.encoder.x_layers.0.instruction_rel_mlp.4.weight
2026-03-20 19:37:37,879 [OracleFT][Trainable] net.vln_bert.global_encoder.encoder.x_layers.0.instruction_rel_mlp.4.bias
2026-03-20 19:37:37,879 [OracleFT][Trainable] net.vln_bert.global_encoder.encoder.x_layers.1.w2
2026-03-20 19:37:37,879 [OracleFT][Trainable] net.vln_bert.global_encoder.encoder.x_layers.1.w3
2026-03-20 19:37:37,879 [OracleFT][Trainable] net.vln_bert.global_encoder.encoder.x_layers.1.visn_self_att.self.query.weight
2026-03-20 19:37:37,879 [OracleFT][Trainable] net.vln_bert.global_encoder.encoder.x_layers.1.visn_self_att.self.query.bias
2026-03-20 19:37:37,879 [OracleFT][Trainable] net.vln_bert.global_encoder.encoder.x_layers.1.visn_self_att.self.key.weight
2026-03-20 19:37:37,879 [OracleFT][Trainable] net.vln_bert.global_encoder.encoder.x_layers.1.visn_self_att.self.key.bias
2026-03-20 19:37:37,879 [OracleFT][Trainable] net.vln_bert.global_encoder.encoder.x_layers.1.visn_self_att.self.value.weight
2026-03-20 19:37:37,879 [OracleFT][Trainable] net.vln_bert.global_encoder.encoder.x_layers.1.visn_self_att.self.value.bias
2026-03-20 19:37:37,879 [OracleFT][Trainable] net.vln_bert.global_encoder.encoder.x_layers.1.visn_self_att.output.dense.weight
2026-03-20 19:37:37,879 [OracleFT][Trainable] net.vln_bert.global_encoder.encoder.x_layers.1.visn_self_att.output.dense.bias
2026-03-20 19:37:37,879 [OracleFT][Trainable] net.vln_bert.global_encoder.encoder.x_layers.1.visn_self_att.output.LayerNorm.weight
2026-03-20 19:37:37,879 [OracleFT][Trainable] net.vln_bert.global_encoder.encoder.x_layers.1.visn_self_att.output.LayerNorm.bias
2026-03-20 19:37:37,879 [OracleFT][Trainable] net.vln_bert.global_encoder.encoder.x_layers.1.visn_inter.dense.weight
2026-03-20 19:37:37,879 [OracleFT][Trainable] net.vln_bert.global_encoder.encoder.x_layers.1.visn_inter.dense.bias
2026-03-20 19:37:37,879 [OracleFT][Trainable] net.vln_bert.global_encoder.encoder.x_layers.1.visn_output.dense.weight
2026-03-20 19:37:37,879 [OracleFT][Trainable] net.vln_bert.global_encoder.encoder.x_layers.1.visn_output.dense.bias
2026-03-20 19:37:37,880 [OracleFT][Trainable] net.vln_bert.global_encoder.encoder.x_layers.1.visn_output.LayerNorm.weight
2026-03-20 19:37:37,880 [OracleFT][Trainable] net.vln_bert.global_encoder.encoder.x_layers.1.visn_output.LayerNorm.bias
2026-03-20 19:37:37,880 [OracleFT][Trainable] net.vln_bert.global_encoder.encoder.x_layers.1.visual_attention.att.query.weight
2026-03-20 19:37:37,880 [OracleFT][Trainable] net.vln_bert.global_encoder.encoder.x_layers.1.visual_attention.att.query.bias
2026-03-20 19:37:37,880 [OracleFT][Trainable] net.vln_bert.global_encoder.encoder.x_layers.1.visual_attention.att.key.weight
2026-03-20 19:37:37,880 [OracleFT][Trainable] net.vln_bert.global_encoder.encoder.x_layers.1.visual_attention.att.key.bias
2026-03-20 19:37:37,880 [OracleFT][Trainable] net.vln_bert.global_encoder.encoder.x_layers.1.visual_attention.att.value.weight
2026-03-20 19:37:37,880 [OracleFT][Trainable] net.vln_bert.global_encoder.encoder.x_layers.1.visual_attention.att.value.bias
2026-03-20 19:37:37,880 [OracleFT][Trainable] net.vln_bert.global_encoder.encoder.x_layers.1.visual_attention.output.dense.weight
2026-03-20 19:37:37,880 [OracleFT][Trainable] net.vln_bert.global_encoder.encoder.x_layers.1.visual_attention.output.dense.bias
2026-03-20 19:37:37,880 [OracleFT][Trainable] net.vln_bert.global_encoder.encoder.x_layers.1.visual_attention.output.LayerNorm.weight
2026-03-20 19:37:37,880 [OracleFT][Trainable] net.vln_bert.global_encoder.encoder.x_layers.1.visual_attention.output.LayerNorm.bias
2026-03-20 19:37:37,880 [OracleFT][Trainable] net.vln_bert.global_encoder.encoder.x_layers.1.semantic_sim_mlp.0.weight
2026-03-20 19:37:37,880 [OracleFT][Trainable] net.vln_bert.global_encoder.encoder.x_layers.1.semantic_sim_mlp.0.bias
2026-03-20 19:37:37,880 [OracleFT][Trainable] net.vln_bert.global_encoder.encoder.x_layers.1.semantic_sim_mlp.2.weight
2026-03-20 19:37:37,880 [OracleFT][Trainable] net.vln_bert.global_encoder.encoder.x_layers.1.semantic_sim_mlp.2.bias
2026-03-20 19:37:37,880 [OracleFT][Trainable] net.vln_bert.global_encoder.encoder.x_layers.1.semantic_sim_mlp.4.weight
2026-03-20 19:37:37,880 [OracleFT][Trainable] net.vln_bert.global_encoder.encoder.x_layers.1.semantic_sim_mlp.4.bias
2026-03-20 19:37:37,880 [OracleFT][Trainable] net.vln_bert.global_encoder.encoder.x_layers.1.instruction_rel_mlp.0.weight
2026-03-20 19:37:37,880 [OracleFT][Trainable] net.vln_bert.global_encoder.encoder.x_layers.1.instruction_rel_mlp.0.bias
2026-03-20 19:37:37,880 [OracleFT][Trainable] net.vln_bert.global_encoder.encoder.x_layers.1.instruction_rel_mlp.2.weight
2026-03-20 19:37:37,880 [OracleFT][Trainable] net.vln_bert.global_encoder.encoder.x_layers.1.instruction_rel_mlp.2.bias
2026-03-20 19:37:37,880 [OracleFT][Trainable] net.vln_bert.global_encoder.encoder.x_layers.1.instruction_rel_mlp.4.weight
2026-03-20 19:37:37,880 [OracleFT][Trainable] net.vln_bert.global_encoder.encoder.x_layers.1.instruction_rel_mlp.4.bias
2026-03-20 19:37:37,880 [OracleFT][Trainable] net.vln_bert.global_encoder.encoder.x_layers.2.w2
2026-03-20 19:37:37,880 [OracleFT][Trainable] net.vln_bert.global_encoder.encoder.x_layers.2.w3
2026-03-20 19:37:37,880 [OracleFT][Trainable] net.vln_bert.global_encoder.encoder.x_layers.2.visn_self_att.self.query.weight
2026-03-20 19:37:37,880 [OracleFT][Trainable] net.vln_bert.global_encoder.encoder.x_layers.2.visn_self_att.self.query.bias
2026-03-20 19:37:37,880 [OracleFT][Trainable] net.vln_bert.global_encoder.encoder.x_layers.2.visn_self_att.self.key.weight
2026-03-20 19:37:37,880 [OracleFT][Trainable] net.vln_bert.global_encoder.encoder.x_layers.2.visn_self_att.self.key.bias
2026-03-20 19:37:37,880 [OracleFT][Trainable] net.vln_bert.global_encoder.encoder.x_layers.2.visn_self_att.self.value.weight
2026-03-20 19:37:37,880 [OracleFT][Trainable] net.vln_bert.global_encoder.encoder.x_layers.2.visn_self_att.self.value.bias
2026-03-20 19:37:37,880 [OracleFT][Trainable] net.vln_bert.global_encoder.encoder.x_layers.2.visn_self_att.output.dense.weight
2026-03-20 19:37:37,880 [OracleFT][Trainable] net.vln_bert.global_encoder.encoder.x_layers.2.visn_self_att.output.dense.bias
2026-03-20 19:37:37,880 [OracleFT][Trainable] net.vln_bert.global_encoder.encoder.x_layers.2.visn_self_att.output.LayerNorm.weight
2026-03-20 19:37:37,880 [OracleFT][Trainable] net.vln_bert.global_encoder.encoder.x_layers.2.visn_self_att.output.LayerNorm.bias
2026-03-20 19:37:37,880 [OracleFT][Trainable] net.vln_bert.global_encoder.encoder.x_layers.2.visn_inter.dense.weight
2026-03-20 19:37:37,880 [OracleFT][Trainable] net.vln_bert.global_encoder.encoder.x_layers.2.visn_inter.dense.bias
2026-03-20 19:37:37,880 [OracleFT][Trainable] net.vln_bert.global_encoder.encoder.x_layers.2.visn_output.dense.weight
2026-03-20 19:37:37,880 [OracleFT][Trainable] net.vln_bert.global_encoder.encoder.x_layers.2.visn_output.dense.bias
2026-03-20 19:37:37,880 [OracleFT][Trainable] net.vln_bert.global_encoder.encoder.x_layers.2.visn_output.LayerNorm.weight
2026-03-20 19:37:37,880 [OracleFT][Trainable] net.vln_bert.global_encoder.encoder.x_layers.2.visn_output.LayerNorm.bias
2026-03-20 19:37:37,880 [OracleFT][Trainable] net.vln_bert.global_encoder.encoder.x_layers.2.visual_attention.att.query.weight
2026-03-20 19:37:37,880 [OracleFT][Trainable] net.vln_bert.global_encoder.encoder.x_layers.2.visual_attention.att.query.bias
2026-03-20 19:37:37,880 [OracleFT][Trainable] net.vln_bert.global_encoder.encoder.x_layers.2.visual_attention.att.key.weight
2026-03-20 19:37:37,880 [OracleFT][Trainable] net.vln_bert.global_encoder.encoder.x_layers.2.visual_attention.att.key.bias
2026-03-20 19:37:37,880 [OracleFT][Trainable] net.vln_bert.global_encoder.encoder.x_layers.2.visual_attention.att.value.weight
2026-03-20 19:37:37,880 [OracleFT][Trainable] net.vln_bert.global_encoder.encoder.x_layers.2.visual_attention.att.value.bias
2026-03-20 19:37:37,880 [OracleFT][Trainable] net.vln_bert.global_encoder.encoder.x_layers.2.visual_attention.output.dense.weight
2026-03-20 19:37:37,880 [OracleFT][Trainable] net.vln_bert.global_encoder.encoder.x_layers.2.visual_attention.output.dense.bias
2026-03-20 19:37:37,880 [OracleFT][Trainable] net.vln_bert.global_encoder.encoder.x_layers.2.visual_attention.output.LayerNorm.weight
2026-03-20 19:37:37,880 [OracleFT][Trainable] net.vln_bert.global_encoder.encoder.x_layers.2.visual_attention.output.LayerNorm.bias
2026-03-20 19:37:37,880 [OracleFT][Trainable] net.vln_bert.global_encoder.encoder.x_layers.2.semantic_sim_mlp.0.weight
2026-03-20 19:37:37,880 [OracleFT][Trainable] net.vln_bert.global_encoder.encoder.x_layers.2.semantic_sim_mlp.0.bias
2026-03-20 19:37:37,880 [OracleFT][Trainable] net.vln_bert.global_encoder.encoder.x_layers.2.semantic_sim_mlp.2.weight
2026-03-20 19:37:37,880 [OracleFT][Trainable] net.vln_bert.global_encoder.encoder.x_layers.2.semantic_sim_mlp.2.bias
2026-03-20 19:37:37,880 [OracleFT][Trainable] net.vln_bert.global_encoder.encoder.x_layers.2.semantic_sim_mlp.4.weight
2026-03-20 19:37:37,880 [OracleFT][Trainable] net.vln_bert.global_encoder.encoder.x_layers.2.semantic_sim_mlp.4.bias
2026-03-20 19:37:37,880 [OracleFT][Trainable] net.vln_bert.global_encoder.encoder.x_layers.2.instruction_rel_mlp.0.weight
2026-03-20 19:37:37,880 [OracleFT][Trainable] net.vln_bert.global_encoder.encoder.x_layers.2.instruction_rel_mlp.0.bias
2026-03-20 19:37:37,880 [OracleFT][Trainable] net.vln_bert.global_encoder.encoder.x_layers.2.instruction_rel_mlp.2.weight
2026-03-20 19:37:37,880 [OracleFT][Trainable] net.vln_bert.global_encoder.encoder.x_layers.2.instruction_rel_mlp.2.bias
2026-03-20 19:37:37,880 [OracleFT][Trainable] net.vln_bert.global_encoder.encoder.x_layers.2.instruction_rel_mlp.4.weight
2026-03-20 19:37:37,880 [OracleFT][Trainable] net.vln_bert.global_encoder.encoder.x_layers.2.instruction_rel_mlp.4.bias
2026-03-20 19:37:37,880 [OracleFT][Trainable] net.vln_bert.global_encoder.encoder.x_layers.3.w2
2026-03-20 19:37:37,880 [OracleFT][Trainable] net.vln_bert.global_encoder.encoder.x_layers.3.w3
2026-03-20 19:37:37,880 [OracleFT][Trainable] net.vln_bert.global_encoder.encoder.x_layers.3.visn_self_att.self.query.weight
2026-03-20 19:37:37,880 [OracleFT][Trainable] net.vln_bert.global_encoder.encoder.x_layers.3.visn_self_att.self.query.bias
2026-03-20 19:37:37,880 [OracleFT][Trainable] net.vln_bert.global_encoder.encoder.x_layers.3.visn_self_att.self.key.weight
2026-03-20 19:37:37,880 [OracleFT][Trainable] net.vln_bert.global_encoder.encoder.x_layers.3.visn_self_att.self.key.bias
2026-03-20 19:37:37,880 [OracleFT][Trainable] net.vln_bert.global_encoder.encoder.x_layers.3.visn_self_att.self.value.weight
2026-03-20 19:37:37,880 [OracleFT][Trainable] net.vln_bert.global_encoder.encoder.x_layers.3.visn_self_att.self.value.bias
2026-03-20 19:37:37,880 [OracleFT][Trainable] net.vln_bert.global_encoder.encoder.x_layers.3.visn_self_att.output.dense.weight
2026-03-20 19:37:37,880 [OracleFT][Trainable] net.vln_bert.global_encoder.encoder.x_layers.3.visn_self_att.output.dense.bias
2026-03-20 19:37:37,880 [OracleFT][Trainable] net.vln_bert.global_encoder.encoder.x_layers.3.visn_self_att.output.LayerNorm.weight
2026-03-20 19:37:37,880 [OracleFT][Trainable] net.vln_bert.global_encoder.encoder.x_layers.3.visn_self_att.output.LayerNorm.bias
2026-03-20 19:37:37,880 [OracleFT][Trainable] net.vln_bert.global_encoder.encoder.x_layers.3.visn_inter.dense.weight
2026-03-20 19:37:37,880 [OracleFT][Trainable] net.vln_bert.global_encoder.encoder.x_layers.3.visn_inter.dense.bias
2026-03-20 19:37:37,880 [OracleFT][Trainable] net.vln_bert.global_encoder.encoder.x_layers.3.visn_output.dense.weight
2026-03-20 19:37:37,880 [OracleFT][Trainable] net.vln_bert.global_encoder.encoder.x_layers.3.visn_output.dense.bias
2026-03-20 19:37:37,880 [OracleFT][Trainable] net.vln_bert.global_encoder.encoder.x_layers.3.visn_output.LayerNorm.weight
2026-03-20 19:37:37,880 [OracleFT][Trainable] net.vln_bert.global_encoder.encoder.x_layers.3.visn_output.LayerNorm.bias
2026-03-20 19:37:37,880 [OracleFT][Trainable] net.vln_bert.global_encoder.encoder.x_layers.3.visual_attention.att.query.weight
2026-03-20 19:37:37,880 [OracleFT][Trainable] net.vln_bert.global_encoder.encoder.x_layers.3.visual_attention.att.query.bias
2026-03-20 19:37:37,880 [OracleFT][Trainable] net.vln_bert.global_encoder.encoder.x_layers.3.visual_attention.att.key.weight
2026-03-20 19:37:37,880 [OracleFT][Trainable] net.vln_bert.global_encoder.encoder.x_layers.3.visual_attention.att.key.bias
2026-03-20 19:37:37,880 [OracleFT][Trainable] net.vln_bert.global_encoder.encoder.x_layers.3.visual_attention.att.value.weight
2026-03-20 19:37:37,880 [OracleFT][Trainable] net.vln_bert.global_encoder.encoder.x_layers.3.visual_attention.att.value.bias
2026-03-20 19:37:37,880 [OracleFT][Trainable] net.vln_bert.global_encoder.encoder.x_layers.3.visual_attention.output.dense.weight
2026-03-20 19:37:37,880 [OracleFT][Trainable] net.vln_bert.global_encoder.encoder.x_layers.3.visual_attention.output.dense.bias
2026-03-20 19:37:37,880 [OracleFT][Trainable] net.vln_bert.global_encoder.encoder.x_layers.3.visual_attention.output.LayerNorm.weight
2026-03-20 19:37:37,880 [OracleFT][Trainable] net.vln_bert.global_encoder.encoder.x_layers.3.visual_attention.output.LayerNorm.bias
2026-03-20 19:37:37,880 [OracleFT][Trainable] net.vln_bert.global_encoder.encoder.x_layers.3.semantic_sim_mlp.0.weight
2026-03-20 19:37:37,880 [OracleFT][Trainable] net.vln_bert.global_encoder.encoder.x_layers.3.semantic_sim_mlp.0.bias
2026-03-20 19:37:37,880 [OracleFT][Trainable] net.vln_bert.global_encoder.encoder.x_layers.3.semantic_sim_mlp.2.weight
2026-03-20 19:37:37,880 [OracleFT][Trainable] net.vln_bert.global_encoder.encoder.x_layers.3.semantic_sim_mlp.2.bias
2026-03-20 19:37:37,880 [OracleFT][Trainable] net.vln_bert.global_encoder.encoder.x_layers.3.semantic_sim_mlp.4.weight
2026-03-20 19:37:37,880 [OracleFT][Trainable] net.vln_bert.global_encoder.encoder.x_layers.3.semantic_sim_mlp.4.bias
2026-03-20 19:37:37,880 [OracleFT][Trainable] net.vln_bert.global_encoder.encoder.x_layers.3.instruction_rel_mlp.0.weight
2026-03-20 19:37:37,880 [OracleFT][Trainable] net.vln_bert.global_encoder.encoder.x_layers.3.instruction_rel_mlp.0.bias
2026-03-20 19:37:37,880 [OracleFT][Trainable] net.vln_bert.global_encoder.encoder.x_layers.3.instruction_rel_mlp.2.weight
2026-03-20 19:37:37,880 [OracleFT][Trainable] net.vln_bert.global_encoder.encoder.x_layers.3.instruction_rel_mlp.2.bias
2026-03-20 19:37:37,881 [OracleFT][Trainable] net.vln_bert.global_encoder.encoder.x_layers.3.instruction_rel_mlp.4.weight
2026-03-20 19:37:37,881 [OracleFT][Trainable] net.vln_bert.global_encoder.encoder.x_layers.3.instruction_rel_mlp.4.bias
2026-03-20 19:37:37,881 [OracleFT][Trainable] net.vln_bert.global_encoder.sprel_linear.weight
2026-03-20 19:37:37,881 [OracleFT][Trainable] net.vln_bert.global_encoder.sprel_linear.bias
2026-03-20 19:37:37,881 [OracleFT][Trainable] net.vln_bert.global_sap_head.net.0.weight
2026-03-20 19:37:37,881 [OracleFT][Trainable] net.vln_bert.global_sap_head.net.0.bias
2026-03-20 19:37:37,881 [OracleFT][Trainable] net.vln_bert.global_sap_head.net.2.weight
2026-03-20 19:37:37,881 [OracleFT][Trainable] net.vln_bert.global_sap_head.net.2.bias
2026-03-20 19:37:37,881 [OracleFT][Trainable] net.vln_bert.global_sap_head.net.4.weight
2026-03-20 19:37:37,881 [OracleFT][Trainable] net.vln_bert.global_sap_head.net.4.bias
2026-03-20 19:37:37,881 [OracleFT][Trainable] net.rgb_encoder.rgb_projector.0.weight
2026-03-20 19:37:37,881 [OracleFT][Trainable] net.rgb_encoder.rgb_projector.0.bias
2026-03-20 19:37:37,881 [OracleFT][Trainable] net.rgb_encoder.rgb_projector.2.weight
2026-03-20 19:37:37,881 [OracleFT][Trainable] net.rgb_encoder.rgb_projector.2.bias
2026-03-20 19:37:37,881 [OracleFT][Trainable] net.rgb_encoder.rgb_projector.4.weight
2026-03-20 19:37:37,881 [OracleFT][Trainable] net.rgb_encoder.rgb_projector.4.bias
2026-03-20 19:37:37,881 [OracleFT][Trainable] net.oracle_adapter.gain
2026-03-20 19:37:37,881 [OracleFT][Trainable] net.oracle_adapter.ln.weight
2026-03-20 19:37:37,881 [OracleFT][Trainable] net.oracle_adapter.ln.bias
2026-03-20 19:37:37,881 [OracleFT][Trainable] net.oracle_adapter.layers.0.weight
2026-03-20 19:37:37,881 [OracleFT][Trainable] net.oracle_adapter.layers.0.bias
2026-03-20 19:37:37,881 [OracleFT][Trainable] net.oracle_adapter.layers.1.weight
2026-03-20 19:37:37,881 [OracleFT][Trainable] net.oracle_adapter.layers.1.bias
2026-03-20 19:37:37,881 [OracleFT][Trainable] net.oracle_adapter.layers.2.weight
2026-03-20 19:37:37,881 [OracleFT][Trainable] net.oracle_adapter.layers.2.bias
2026-03-20 19:37:37,881 [OracleFT][Trainable] action_distribution.linear.weight
2026-03-20 19:37:37,881 [OracleFT][Trainable] action_distribution.linear.bias
2026-03-20 19:37:37,881 Using separate learning rate 0.0001 for dynamic graph parameters
2026-03-20 19:37:37,883 Agent parameters: 184.78 MB. Trainable: 155.66 MB.
2026-03-20 19:37:37,886 [OracleFT] Train scope: baseline_plus_oracle_adapter
2026-03-20 19:37:37,886 [OracleFT] Trainable oracle_adapter params: 1.77 MB
2026-03-20 19:37:37,886 [OracleFT] Trainable rgb_projector params: 1.28 MB
2026-03-20 19:37:37,886 [OracleFT] Trainable global_encoder params: 49.62 MB
2026-03-20 19:37:37,886 [OracleFT] Trainable downstream sample params: 0.59 MB
2026-03-20 19:37:37,886 [OracleFT] Trainable dino backbone params: 0.00 MB
2026-03-20 19:37:37,886 Finished setting up policy.
2026-03-20 19:37:37,887 Traning Starts... GOOD LUCK!
2026-03-20 19:37:37,887 Perf timing log file: data/logs/checkpoints/oracle_train_stream_batch_cache_ft/perf_timing/oracle_train_stream_batch_cache_ft_train_rollout_timing_rank0_20260320_193737.log
2026-03-20 19:58:07,748 iter 100: oracle/query_cnt: 13.827, oracle/returned_cnt: 13.827, oracle/failed_cnt: 0.000, oracle/cache_hit_cnt: 1.139, oracle/cache_hit_pct: 0.084, oracle/intra_episode_cache_hit_pct: 0.608, oracle/cross_episode_cache_hit_pct: 0.049, oracle_ft/gain: 1.000, oracle_ft/base_norm: 17.438, oracle_ft/oracle_raw_norm: 11.220, oracle_ft/oracle_proj_norm: 11.252, oracle_ft/fused_norm: 16.631, oracle_ft/oracle_mask_ratio: 0.477, IL_loss: 1.398, grad/oracle_adapter: 10584.881, grad/rgb_projector: 138085.024, grad/downstream_sample: 91742.159, grad/global_encoder_x_layers: 161157.434, grad/input_proj: 229239.468, 
